{"/home/ubuntu/workspace/backend/controller/dish.controller.js": {"path":"/home/ubuntu/workspace/backend/controller/dish.controller.js","statementMap":{"0":{"start":{"line":2,"column":19},"end":{"line":2,"column":89}},"1":{"start":{"line":3,"column":25},"end":{"line":3,"column":101}},"2":{"start":{"line":4,"column":22},"end":{"line":4,"column":102}},"3":{"start":{"line":11,"column":4},"end":{"line":26,"column":7}},"4":{"start":{"line":13,"column":8},"end":{"line":25,"column":9}},"5":{"start":{"line":14,"column":12},"end":{"line":14,"column":50}},"6":{"start":{"line":18,"column":12},"end":{"line":24,"column":13}},"7":{"start":{"line":19,"column":16},"end":{"line":19,"column":78}},"8":{"start":{"line":23,"column":16},"end":{"line":23,"column":61}},"9":{"start":{"line":32,"column":19},"end":{"line":32,"column":32}},"10":{"start":{"line":35,"column":4},"end":{"line":49,"column":6}},"11":{"start":{"line":37,"column":8},"end":{"line":48,"column":9}},"12":{"start":{"line":38,"column":12},"end":{"line":38,"column":100}},"13":{"start":{"line":42,"column":12},"end":{"line":47,"column":13}},"14":{"start":{"line":43,"column":16},"end":{"line":43,"column":104}},"15":{"start":{"line":46,"column":16},"end":{"line":46,"column":49}},"16":{"start":{"line":54,"column":21},"end":{"line":54,"column":64}},"17":{"start":{"line":57,"column":4},"end":{"line":76,"column":6}},"18":{"start":{"line":59,"column":8},"end":{"line":75,"column":9}},"19":{"start":{"line":60,"column":12},"end":{"line":60,"column":50}},"20":{"start":{"line":64,"column":31},"end":{"line":64,"column":33}},"21":{"start":{"line":67,"column":12},"end":{"line":72,"column":13}},"22":{"start":{"line":68,"column":32},"end":{"line":68,"column":76}},"23":{"start":{"line":69,"column":16},"end":{"line":71,"column":17}},"24":{"start":{"line":70,"column":20},"end":{"line":70,"column":49}},"25":{"start":{"line":74,"column":12},"end":{"line":74,"column":59}},"26":{"start":{"line":82,"column":21},"end":{"line":82,"column":64}},"27":{"start":{"line":84,"column":4},"end":{"line":84,"column":42}},"28":{"start":{"line":86,"column":4},"end":{"line":98,"column":6}},"29":{"start":{"line":87,"column":8},"end":{"line":97,"column":9}},"30":{"start":{"line":88,"column":12},"end":{"line":88,"column":50}},"31":{"start":{"line":91,"column":12},"end":{"line":96,"column":13}},"32":{"start":{"line":92,"column":16},"end":{"line":92,"column":83}},"33":{"start":{"line":95,"column":16},"end":{"line":95,"column":49}},"34":{"start":{"line":105,"column":27},"end":{"line":105,"column":43}},"35":{"start":{"line":106,"column":28},"end":{"line":106,"column":48}},"36":{"start":{"line":107,"column":19},"end":{"line":107,"column":32}},"37":{"start":{"line":108,"column":19},"end":{"line":108,"column":32}},"38":{"start":{"line":110,"column":4},"end":{"line":229,"column":7}},"39":{"start":{"line":111,"column":8},"end":{"line":228,"column":9}},"40":{"start":{"line":112,"column":12},"end":{"line":112,"column":50}},"41":{"start":{"line":116,"column":12},"end":{"line":227,"column":13}},"42":{"start":{"line":117,"column":16},"end":{"line":117,"column":82}},"43":{"start":{"line":121,"column":16},"end":{"line":123,"column":17}},"44":{"start":{"line":122,"column":20},"end":{"line":122,"column":90}},"45":{"start":{"line":126,"column":29},"end":{"line":126,"column":94}},"46":{"start":{"line":131,"column":16},"end":{"line":226,"column":17}},"47":{"start":{"line":132,"column":20},"end":{"line":132,"column":105}},"48":{"start":{"line":135,"column":45},"end":{"line":135,"column":50}},"49":{"start":{"line":137,"column":20},"end":{"line":146,"column":21}},"50":{"start":{"line":139,"column":24},"end":{"line":145,"column":25}},"51":{"start":{"line":141,"column":28},"end":{"line":144,"column":29}},"52":{"start":{"line":142,"column":32},"end":{"line":142,"column":58}},"53":{"start":{"line":143,"column":32},"end":{"line":143,"column":38}},"54":{"start":{"line":148,"column":20},"end":{"line":225,"column":21}},"55":{"start":{"line":149,"column":24},"end":{"line":149,"column":105}},"56":{"start":{"line":152,"column":25},"end":{"line":225,"column":21}},"57":{"start":{"line":153,"column":24},"end":{"line":153,"column":106}},"58":{"start":{"line":157,"column":24},"end":{"line":224,"column":25}},"59":{"start":{"line":158,"column":28},"end":{"line":158,"column":89}},"60":{"start":{"line":160,"column":29},"end":{"line":224,"column":25}},"61":{"start":{"line":161,"column":28},"end":{"line":161,"column":89}},"62":{"start":{"line":165,"column":28},"end":{"line":165,"column":76}},"63":{"start":{"line":166,"column":28},"end":{"line":166,"column":76}},"64":{"start":{"line":169,"column":44},"end":{"line":169,"column":46}},"65":{"start":{"line":172,"column":28},"end":{"line":179,"column":29}},"66":{"start":{"line":173,"column":48},"end":{"line":176,"column":33}},"67":{"start":{"line":178,"column":32},"end":{"line":178,"column":58}},"68":{"start":{"line":182,"column":44},"end":{"line":186,"column":30}},"69":{"start":{"line":188,"column":28},"end":{"line":223,"column":31}},"70":{"start":{"line":189,"column":32},"end":{"line":222,"column":33}},"71":{"start":{"line":190,"column":36},"end":{"line":190,"column":74}},"72":{"start":{"line":194,"column":53},"end":{"line":194,"column":103}},"73":{"start":{"line":195,"column":53},"end":{"line":195,"column":58}},"74":{"start":{"line":198,"column":36},"end":{"line":202,"column":37}},"75":{"start":{"line":199,"column":40},"end":{"line":201,"column":41}},"76":{"start":{"line":200,"column":44},"end":{"line":200,"column":119}},"77":{"start":{"line":205,"column":36},"end":{"line":221,"column":37}},"78":{"start":{"line":206,"column":40},"end":{"line":206,"column":124}},"79":{"start":{"line":208,"column":41},"end":{"line":221,"column":37}},"80":{"start":{"line":209,"column":40},"end":{"line":209,"column":126}},"81":{"start":{"line":213,"column":40},"end":{"line":220,"column":43}},"82":{"start":{"line":214,"column":44},"end":{"line":219,"column":45}},"83":{"start":{"line":215,"column":48},"end":{"line":215,"column":86}},"84":{"start":{"line":218,"column":48},"end":{"line":218,"column":83}},"85":{"start":{"line":235,"column":19},"end":{"line":235,"column":32}},"86":{"start":{"line":238,"column":22},"end":{"line":238,"column":38}},"87":{"start":{"line":239,"column":19},"end":{"line":239,"column":32}},"88":{"start":{"line":240,"column":17},"end":{"line":240,"column":32}},"89":{"start":{"line":243,"column":4},"end":{"line":346,"column":7}},"90":{"start":{"line":245,"column":8},"end":{"line":345,"column":9}},"91":{"start":{"line":246,"column":12},"end":{"line":246,"column":102}},"92":{"start":{"line":250,"column":12},"end":{"line":344,"column":13}},"93":{"start":{"line":251,"column":16},"end":{"line":251,"column":106}},"94":{"start":{"line":254,"column":17},"end":{"line":344,"column":13}},"95":{"start":{"line":255,"column":16},"end":{"line":255,"column":103}},"96":{"start":{"line":259,"column":37},"end":{"line":259,"column":39}},"97":{"start":{"line":262,"column":16},"end":{"line":277,"column":17}},"98":{"start":{"line":265,"column":20},"end":{"line":265,"column":74}},"99":{"start":{"line":268,"column":20},"end":{"line":276,"column":21}},"100":{"start":{"line":269,"column":24},"end":{"line":269,"column":48}},"101":{"start":{"line":274,"column":24},"end":{"line":274,"column":62}},"102":{"start":{"line":275,"column":24},"end":{"line":275,"column":57}},"103":{"start":{"line":280,"column":16},"end":{"line":294,"column":17}},"104":{"start":{"line":283,"column":20},"end":{"line":283,"column":68}},"105":{"start":{"line":286,"column":20},"end":{"line":293,"column":21}},"106":{"start":{"line":287,"column":24},"end":{"line":287,"column":48}},"107":{"start":{"line":291,"column":24},"end":{"line":291,"column":63}},"108":{"start":{"line":292,"column":24},"end":{"line":292,"column":57}},"109":{"start":{"line":297,"column":16},"end":{"line":315,"column":17}},"110":{"start":{"line":300,"column":20},"end":{"line":302,"column":21}},"111":{"start":{"line":301,"column":24},"end":{"line":301,"column":84}},"112":{"start":{"line":305,"column":41},"end":{"line":305,"column":96}},"113":{"start":{"line":307,"column":20},"end":{"line":314,"column":21}},"114":{"start":{"line":308,"column":24},"end":{"line":308,"column":50}},"115":{"start":{"line":312,"column":24},"end":{"line":312,"column":59}},"116":{"start":{"line":313,"column":24},"end":{"line":313,"column":59}},"117":{"start":{"line":318,"column":16},"end":{"line":343,"column":17}},"118":{"start":{"line":319,"column":20},"end":{"line":331,"column":21}},"119":{"start":{"line":321,"column":28},"end":{"line":321,"column":97}},"120":{"start":{"line":322,"column":28},"end":{"line":322,"column":34}},"121":{"start":{"line":325,"column":28},"end":{"line":325,"column":97}},"122":{"start":{"line":326,"column":28},"end":{"line":326,"column":34}},"123":{"start":{"line":329,"column":28},"end":{"line":329,"column":99}},"124":{"start":{"line":330,"column":28},"end":{"line":330,"column":34}},"125":{"start":{"line":335,"column":20},"end":{"line":342,"column":23}},"126":{"start":{"line":336,"column":24},"end":{"line":341,"column":25}},"127":{"start":{"line":337,"column":28},"end":{"line":337,"column":66}},"128":{"start":{"line":340,"column":28},"end":{"line":340,"column":65}},"129":{"start":{"line":352,"column":19},"end":{"line":352,"column":32}},"130":{"start":{"line":354,"column":4},"end":{"line":367,"column":7}},"131":{"start":{"line":355,"column":8},"end":{"line":366,"column":9}},"132":{"start":{"line":356,"column":12},"end":{"line":356,"column":50}},"133":{"start":{"line":359,"column":12},"end":{"line":365,"column":13}},"134":{"start":{"line":360,"column":16},"end":{"line":360,"column":105}},"135":{"start":{"line":363,"column":16},"end":{"line":363,"column":36}},"136":{"start":{"line":364,"column":16},"end":{"line":364,"column":53}},"137":{"start":{"line":371,"column":0},"end":{"line":379,"column":2}}},"fnMap":{"0":{"name":"getDish","decl":{"start":{"line":8,"column":9},"end":{"line":8,"column":16}},"loc":{"start":{"line":8,"column":27},"end":{"line":27,"column":1}},"line":8},"1":{"name":"(anonymous_1)","decl":{"start":{"line":11,"column":59},"end":{"line":11,"column":60}},"loc":{"start":{"line":11,"column":85},"end":{"line":26,"column":5}},"line":11},"2":{"name":"getDishById","decl":{"start":{"line":29,"column":9},"end":{"line":29,"column":20}},"loc":{"start":{"line":29,"column":31},"end":{"line":50,"column":1}},"line":29},"3":{"name":"(anonymous_3)","decl":{"start":{"line":35,"column":42},"end":{"line":35,"column":43}},"loc":{"start":{"line":35,"column":68},"end":{"line":49,"column":5}},"line":35},"4":{"name":"getDishByName","decl":{"start":{"line":52,"column":9},"end":{"line":52,"column":22}},"loc":{"start":{"line":52,"column":33},"end":{"line":77,"column":1}},"line":52},"5":{"name":"(anonymous_5)","decl":{"start":{"line":57,"column":30},"end":{"line":57,"column":31}},"loc":{"start":{"line":57,"column":52},"end":{"line":76,"column":5}},"line":57},"6":{"name":"getDishByType","decl":{"start":{"line":79,"column":9},"end":{"line":79,"column":22}},"loc":{"start":{"line":79,"column":33},"end":{"line":99,"column":1}},"line":79},"7":{"name":"(anonymous_7)","decl":{"start":{"line":86,"column":59},"end":{"line":86,"column":60}},"loc":{"start":{"line":86,"column":85},"end":{"line":98,"column":5}},"line":86},"8":{"name":"postDish","decl":{"start":{"line":102,"column":9},"end":{"line":102,"column":17}},"loc":{"start":{"line":102,"column":28},"end":{"line":230,"column":1}},"line":102},"9":{"name":"(anonymous_9)","decl":{"start":{"line":110,"column":42},"end":{"line":110,"column":43}},"loc":{"start":{"line":110,"column":75},"end":{"line":229,"column":5}},"line":110},"10":{"name":"(anonymous_10)","decl":{"start":{"line":188,"column":54},"end":{"line":188,"column":55}},"loc":{"start":{"line":188,"column":80},"end":{"line":223,"column":29}},"line":188},"11":{"name":"(anonymous_11)","decl":{"start":{"line":213,"column":53},"end":{"line":213,"column":54}},"loc":{"start":{"line":213,"column":67},"end":{"line":220,"column":41}},"line":213},"12":{"name":"updateDish","decl":{"start":{"line":233,"column":9},"end":{"line":233,"column":19}},"loc":{"start":{"line":233,"column":30},"end":{"line":347,"column":1}},"line":233},"13":{"name":"(anonymous_13)","decl":{"start":{"line":243,"column":42},"end":{"line":243,"column":43}},"loc":{"start":{"line":243,"column":68},"end":{"line":346,"column":5}},"line":243},"14":{"name":"(anonymous_14)","decl":{"start":{"line":335,"column":36},"end":{"line":335,"column":37}},"loc":{"start":{"line":335,"column":50},"end":{"line":342,"column":21}},"line":335},"15":{"name":"deleteDish","decl":{"start":{"line":350,"column":9},"end":{"line":350,"column":19}},"loc":{"start":{"line":350,"column":30},"end":{"line":368,"column":1}},"line":350},"16":{"name":"(anonymous_16)","decl":{"start":{"line":354,"column":42},"end":{"line":354,"column":43}},"loc":{"start":{"line":354,"column":68},"end":{"line":367,"column":5}},"line":354}},"branchMap":{"0":{"loc":{"start":{"line":13,"column":8},"end":{"line":25,"column":9}},"type":"if","locations":[{"start":{"line":13,"column":8},"end":{"line":25,"column":9}},{"start":{"line":13,"column":8},"end":{"line":25,"column":9}}],"line":13},"1":{"loc":{"start":{"line":18,"column":12},"end":{"line":24,"column":13}},"type":"if","locations":[{"start":{"line":18,"column":12},"end":{"line":24,"column":13}},{"start":{"line":18,"column":12},"end":{"line":24,"column":13}}],"line":18},"2":{"loc":{"start":{"line":37,"column":8},"end":{"line":48,"column":9}},"type":"if","locations":[{"start":{"line":37,"column":8},"end":{"line":48,"column":9}},{"start":{"line":37,"column":8},"end":{"line":48,"column":9}}],"line":37},"3":{"loc":{"start":{"line":42,"column":12},"end":{"line":47,"column":13}},"type":"if","locations":[{"start":{"line":42,"column":12},"end":{"line":47,"column":13}},{"start":{"line":42,"column":12},"end":{"line":47,"column":13}}],"line":42},"4":{"loc":{"start":{"line":42,"column":16},"end":{"line":42,"column":61}},"type":"binary-expr","locations":[{"start":{"line":42,"column":16},"end":{"line":42,"column":39}},{"start":{"line":42,"column":43},"end":{"line":42,"column":61}}],"line":42},"5":{"loc":{"start":{"line":59,"column":8},"end":{"line":75,"column":9}},"type":"if","locations":[{"start":{"line":59,"column":8},"end":{"line":75,"column":9}},{"start":{"line":59,"column":8},"end":{"line":75,"column":9}}],"line":59},"6":{"loc":{"start":{"line":69,"column":16},"end":{"line":71,"column":17}},"type":"if","locations":[{"start":{"line":69,"column":16},"end":{"line":71,"column":17}},{"start":{"line":69,"column":16},"end":{"line":71,"column":17}}],"line":69},"7":{"loc":{"start":{"line":87,"column":8},"end":{"line":97,"column":9}},"type":"if","locations":[{"start":{"line":87,"column":8},"end":{"line":97,"column":9}},{"start":{"line":87,"column":8},"end":{"line":97,"column":9}}],"line":87},"8":{"loc":{"start":{"line":91,"column":12},"end":{"line":96,"column":13}},"type":"if","locations":[{"start":{"line":91,"column":12},"end":{"line":96,"column":13}},{"start":{"line":91,"column":12},"end":{"line":96,"column":13}}],"line":91},"9":{"loc":{"start":{"line":91,"column":16},"end":{"line":91,"column":87}},"type":"binary-expr","locations":[{"start":{"line":91,"column":16},"end":{"line":91,"column":38}},{"start":{"line":91,"column":42},"end":{"line":91,"column":65}},{"start":{"line":91,"column":69},"end":{"line":91,"column":87}}],"line":91},"10":{"loc":{"start":{"line":111,"column":8},"end":{"line":228,"column":9}},"type":"if","locations":[{"start":{"line":111,"column":8},"end":{"line":228,"column":9}},{"start":{"line":111,"column":8},"end":{"line":228,"column":9}}],"line":111},"11":{"loc":{"start":{"line":116,"column":12},"end":{"line":227,"column":13}},"type":"if","locations":[{"start":{"line":116,"column":12},"end":{"line":227,"column":13}},{"start":{"line":116,"column":12},"end":{"line":227,"column":13}}],"line":116},"12":{"loc":{"start":{"line":116,"column":16},"end":{"line":116,"column":77}},"type":"binary-expr","locations":[{"start":{"line":116,"column":16},"end":{"line":116,"column":45}},{"start":{"line":116,"column":49},"end":{"line":116,"column":77}}],"line":116},"13":{"loc":{"start":{"line":131,"column":16},"end":{"line":226,"column":17}},"type":"if","locations":[{"start":{"line":131,"column":16},"end":{"line":226,"column":17}},{"start":{"line":131,"column":16},"end":{"line":226,"column":17}}],"line":131},"14":{"loc":{"start":{"line":141,"column":28},"end":{"line":144,"column":29}},"type":"if","locations":[{"start":{"line":141,"column":28},"end":{"line":144,"column":29}},{"start":{"line":141,"column":28},"end":{"line":144,"column":29}}],"line":141},"15":{"loc":{"start":{"line":141,"column":32},"end":{"line":141,"column":88}},"type":"binary-expr","locations":[{"start":{"line":141,"column":33},"end":{"line":141,"column":75}},{"start":{"line":141,"column":81},"end":{"line":141,"column":87}}],"line":141},"16":{"loc":{"start":{"line":148,"column":20},"end":{"line":225,"column":21}},"type":"if","locations":[{"start":{"line":148,"column":20},"end":{"line":225,"column":21}},{"start":{"line":148,"column":20},"end":{"line":225,"column":21}}],"line":148},"17":{"loc":{"start":{"line":152,"column":25},"end":{"line":225,"column":21}},"type":"if","locations":[{"start":{"line":152,"column":25},"end":{"line":225,"column":21}},{"start":{"line":152,"column":25},"end":{"line":225,"column":21}}],"line":152},"18":{"loc":{"start":{"line":157,"column":24},"end":{"line":224,"column":25}},"type":"if","locations":[{"start":{"line":157,"column":24},"end":{"line":224,"column":25}},{"start":{"line":157,"column":24},"end":{"line":224,"column":25}}],"line":157},"19":{"loc":{"start":{"line":157,"column":28},"end":{"line":157,"column":67}},"type":"binary-expr","locations":[{"start":{"line":157,"column":28},"end":{"line":157,"column":49}},{"start":{"line":157,"column":53},"end":{"line":157,"column":67}}],"line":157},"20":{"loc":{"start":{"line":160,"column":29},"end":{"line":224,"column":25}},"type":"if","locations":[{"start":{"line":160,"column":29},"end":{"line":224,"column":25}},{"start":{"line":160,"column":29},"end":{"line":224,"column":25}}],"line":160},"21":{"loc":{"start":{"line":160,"column":33},"end":{"line":160,"column":72}},"type":"binary-expr","locations":[{"start":{"line":160,"column":33},"end":{"line":160,"column":54}},{"start":{"line":160,"column":58},"end":{"line":160,"column":72}}],"line":160},"22":{"loc":{"start":{"line":189,"column":32},"end":{"line":222,"column":33}},"type":"if","locations":[{"start":{"line":189,"column":32},"end":{"line":222,"column":33}},{"start":{"line":189,"column":32},"end":{"line":222,"column":33}}],"line":189},"23":{"loc":{"start":{"line":199,"column":40},"end":{"line":201,"column":41}},"type":"if","locations":[{"start":{"line":199,"column":40},"end":{"line":201,"column":41}},{"start":{"line":199,"column":40},"end":{"line":201,"column":41}}],"line":199},"24":{"loc":{"start":{"line":205,"column":36},"end":{"line":221,"column":37}},"type":"if","locations":[{"start":{"line":205,"column":36},"end":{"line":221,"column":37}},{"start":{"line":205,"column":36},"end":{"line":221,"column":37}}],"line":205},"25":{"loc":{"start":{"line":208,"column":41},"end":{"line":221,"column":37}},"type":"if","locations":[{"start":{"line":208,"column":41},"end":{"line":221,"column":37}},{"start":{"line":208,"column":41},"end":{"line":221,"column":37}}],"line":208},"26":{"loc":{"start":{"line":214,"column":44},"end":{"line":219,"column":45}},"type":"if","locations":[{"start":{"line":214,"column":44},"end":{"line":219,"column":45}},{"start":{"line":214,"column":44},"end":{"line":219,"column":45}}],"line":214},"27":{"loc":{"start":{"line":245,"column":8},"end":{"line":345,"column":9}},"type":"if","locations":[{"start":{"line":245,"column":8},"end":{"line":345,"column":9}},{"start":{"line":245,"column":8},"end":{"line":345,"column":9}}],"line":245},"28":{"loc":{"start":{"line":250,"column":12},"end":{"line":344,"column":13}},"type":"if","locations":[{"start":{"line":250,"column":12},"end":{"line":344,"column":13}},{"start":{"line":250,"column":12},"end":{"line":344,"column":13}}],"line":250},"29":{"loc":{"start":{"line":250,"column":16},"end":{"line":250,"column":61}},"type":"binary-expr","locations":[{"start":{"line":250,"column":16},"end":{"line":250,"column":39}},{"start":{"line":250,"column":43},"end":{"line":250,"column":61}}],"line":250},"30":{"loc":{"start":{"line":254,"column":17},"end":{"line":344,"column":13}},"type":"if","locations":[{"start":{"line":254,"column":17},"end":{"line":344,"column":13}},{"start":{"line":254,"column":17},"end":{"line":344,"column":13}}],"line":254},"31":{"loc":{"start":{"line":254,"column":21},"end":{"line":254,"column":138}},"type":"binary-expr","locations":[{"start":{"line":254,"column":22},"end":{"line":254,"column":39}},{"start":{"line":254,"column":43},"end":{"line":254,"column":67}},{"start":{"line":254,"column":73},"end":{"line":254,"column":87}},{"start":{"line":254,"column":91},"end":{"line":254,"column":112}},{"start":{"line":254,"column":118},"end":{"line":254,"column":137}}],"line":254},"32":{"loc":{"start":{"line":262,"column":16},"end":{"line":277,"column":17}},"type":"if","locations":[{"start":{"line":262,"column":16},"end":{"line":277,"column":17}},{"start":{"line":262,"column":16},"end":{"line":277,"column":17}}],"line":262},"33":{"loc":{"start":{"line":262,"column":20},"end":{"line":262,"column":65}},"type":"binary-expr","locations":[{"start":{"line":262,"column":20},"end":{"line":262,"column":37}},{"start":{"line":262,"column":41},"end":{"line":262,"column":65}}],"line":262},"34":{"loc":{"start":{"line":268,"column":20},"end":{"line":276,"column":21}},"type":"if","locations":[{"start":{"line":268,"column":20},"end":{"line":276,"column":21}},{"start":{"line":268,"column":20},"end":{"line":276,"column":21}}],"line":268},"35":{"loc":{"start":{"line":280,"column":16},"end":{"line":294,"column":17}},"type":"if","locations":[{"start":{"line":280,"column":16},"end":{"line":294,"column":17}},{"start":{"line":280,"column":16},"end":{"line":294,"column":17}}],"line":280},"36":{"loc":{"start":{"line":280,"column":20},"end":{"line":280,"column":59}},"type":"binary-expr","locations":[{"start":{"line":280,"column":20},"end":{"line":280,"column":34}},{"start":{"line":280,"column":38},"end":{"line":280,"column":59}}],"line":280},"37":{"loc":{"start":{"line":286,"column":20},"end":{"line":293,"column":21}},"type":"if","locations":[{"start":{"line":286,"column":20},"end":{"line":293,"column":21}},{"start":{"line":286,"column":20},"end":{"line":293,"column":21}}],"line":286},"38":{"loc":{"start":{"line":297,"column":16},"end":{"line":315,"column":17}},"type":"if","locations":[{"start":{"line":297,"column":16},"end":{"line":315,"column":17}},{"start":{"line":297,"column":16},"end":{"line":315,"column":17}}],"line":297},"39":{"loc":{"start":{"line":307,"column":20},"end":{"line":314,"column":21}},"type":"if","locations":[{"start":{"line":307,"column":20},"end":{"line":314,"column":21}},{"start":{"line":307,"column":20},"end":{"line":314,"column":21}}],"line":307},"40":{"loc":{"start":{"line":318,"column":16},"end":{"line":343,"column":17}},"type":"if","locations":[{"start":{"line":318,"column":16},"end":{"line":343,"column":17}},{"start":{"line":318,"column":16},"end":{"line":343,"column":17}}],"line":318},"41":{"loc":{"start":{"line":319,"column":20},"end":{"line":331,"column":21}},"type":"switch","locations":[{"start":{"line":320,"column":24},"end":{"line":322,"column":34}},{"start":{"line":324,"column":24},"end":{"line":326,"column":34}},{"start":{"line":328,"column":24},"end":{"line":330,"column":34}}],"line":319},"42":{"loc":{"start":{"line":336,"column":24},"end":{"line":341,"column":25}},"type":"if","locations":[{"start":{"line":336,"column":24},"end":{"line":341,"column":25}},{"start":{"line":336,"column":24},"end":{"line":341,"column":25}}],"line":336},"43":{"loc":{"start":{"line":355,"column":8},"end":{"line":366,"column":9}},"type":"if","locations":[{"start":{"line":355,"column":8},"end":{"line":366,"column":9}},{"start":{"line":355,"column":8},"end":{"line":366,"column":9}}],"line":355},"44":{"loc":{"start":{"line":359,"column":12},"end":{"line":365,"column":13}},"type":"if","locations":[{"start":{"line":359,"column":12},"end":{"line":365,"column":13}},{"start":{"line":359,"column":12},"end":{"line":365,"column":13}}],"line":359}},"s":{"0":1,"1":1,"2":1,"3":0,"4":0,"5":0,"6":0,"7":0,"8":0,"9":0,"10":0,"11":0,"12":0,"13":0,"14":0,"15":0,"16":0,"17":0,"18":0,"19":0,"20":0,"21":0,"22":0,"23":0,"24":0,"25":0,"26":0,"27":0,"28":0,"29":0,"30":0,"31":0,"32":0,"33":0,"34":0,"35":0,"36":0,"37":0,"38":0,"39":0,"40":0,"41":0,"42":0,"43":0,"44":0,"45":0,"46":0,"47":0,"48":0,"49":0,"50":0,"51":0,"52":0,"53":0,"54":0,"55":0,"56":0,"57":0,"58":0,"59":0,"60":0,"61":0,"62":0,"63":0,"64":0,"65":0,"66":0,"67":0,"68":0,"69":0,"70":0,"71":0,"72":0,"73":0,"74":0,"75":0,"76":0,"77":0,"78":0,"79":0,"80":0,"81":0,"82":0,"83":0,"84":0,"85":0,"86":0,"87":0,"88":0,"89":0,"90":0,"91":0,"92":0,"93":0,"94":0,"95":0,"96":0,"97":0,"98":0,"99":0,"100":0,"101":0,"102":0,"103":0,"104":0,"105":0,"106":0,"107":0,"108":0,"109":0,"110":0,"111":0,"112":0,"113":0,"114":0,"115":0,"116":0,"117":0,"118":0,"119":0,"120":0,"121":0,"122":0,"123":0,"124":0,"125":0,"126":0,"127":0,"128":0,"129":0,"130":0,"131":0,"132":0,"133":0,"134":0,"135":0,"136":0,"137":1},"f":{"0":0,"1":0,"2":0,"3":0,"4":0,"5":0,"6":0,"7":0,"8":0,"9":0,"10":0,"11":0,"12":0,"13":0,"14":0,"15":0,"16":0},"b":{"0":[0,0],"1":[0,0],"2":[0,0],"3":[0,0],"4":[0,0],"5":[0,0],"6":[0,0],"7":[0,0],"8":[0,0],"9":[0,0,0],"10":[0,0],"11":[0,0],"12":[0,0],"13":[0,0],"14":[0,0],"15":[0,0],"16":[0,0],"17":[0,0],"18":[0,0],"19":[0,0],"20":[0,0],"21":[0,0],"22":[0,0],"23":[0,0],"24":[0,0],"25":[0,0],"26":[0,0],"27":[0,0],"28":[0,0],"29":[0,0],"30":[0,0],"31":[0,0,0,0,0],"32":[0,0],"33":[0,0],"34":[0,0],"35":[0,0],"36":[0,0],"37":[0,0],"38":[0,0],"39":[0,0],"40":[0,0],"41":[0,0,0],"42":[0,0],"43":[0,0],"44":[0,0]},"_coverageSchema":"332fd63041d2c1bcb487cc26dd0d5f7d97098a6c","hash":"c8cefc46a48cb6045f494d18b97229796252f3d7"}
,"/home/ubuntu/workspace/backend/controller/ingredient.controller.js": {"path":"/home/ubuntu/workspace/backend/controller/ingredient.controller.js","statementMap":{"0":{"start":{"line":2,"column":25},"end":{"line":2,"column":101}},"1":{"start":{"line":3,"column":22},"end":{"line":3,"column":102}},"2":{"start":{"line":8,"column":4},"end":{"line":22,"column":6}},"3":{"start":{"line":10,"column":8},"end":{"line":21,"column":9}},"4":{"start":{"line":11,"column":12},"end":{"line":11,"column":112}},"5":{"start":{"line":14,"column":12},"end":{"line":20,"column":13}},"6":{"start":{"line":15,"column":16},"end":{"line":15,"column":82}},"7":{"start":{"line":18,"column":16},"end":{"line":18,"column":60}},"8":{"start":{"line":19,"column":16},"end":{"line":19,"column":73}},"9":{"start":{"line":27,"column":25},"end":{"line":27,"column":38}},"10":{"start":{"line":30,"column":4},"end":{"line":44,"column":6}},"11":{"start":{"line":32,"column":8},"end":{"line":43,"column":9}},"12":{"start":{"line":33,"column":12},"end":{"line":33,"column":106}},"13":{"start":{"line":37,"column":12},"end":{"line":42,"column":13}},"14":{"start":{"line":38,"column":16},"end":{"line":38,"column":110}},"15":{"start":{"line":41,"column":16},"end":{"line":41,"column":71}},"16":{"start":{"line":49,"column":27},"end":{"line":49,"column":70}},"17":{"start":{"line":52,"column":4},"end":{"line":71,"column":6}},"18":{"start":{"line":54,"column":8},"end":{"line":70,"column":9}},"19":{"start":{"line":55,"column":12},"end":{"line":55,"column":50}},"20":{"start":{"line":59,"column":36},"end":{"line":59,"column":38}},"21":{"start":{"line":62,"column":12},"end":{"line":67,"column":13}},"22":{"start":{"line":63,"column":32},"end":{"line":63,"column":87}},"23":{"start":{"line":64,"column":16},"end":{"line":66,"column":17}},"24":{"start":{"line":65,"column":20},"end":{"line":65,"column":59}},"25":{"start":{"line":69,"column":12},"end":{"line":69,"column":69}},"26":{"start":{"line":76,"column":25},"end":{"line":76,"column":38}},"27":{"start":{"line":78,"column":4},"end":{"line":121,"column":6}},"28":{"start":{"line":80,"column":8},"end":{"line":120,"column":9}},"29":{"start":{"line":81,"column":12},"end":{"line":81,"column":50}},"30":{"start":{"line":86,"column":12},"end":{"line":119,"column":13}},"31":{"start":{"line":87,"column":16},"end":{"line":87,"column":81}},"32":{"start":{"line":92,"column":16},"end":{"line":92,"column":76}},"33":{"start":{"line":94,"column":31},"end":{"line":94,"column":94}},"34":{"start":{"line":97,"column":16},"end":{"line":118,"column":17}},"35":{"start":{"line":98,"column":20},"end":{"line":98,"column":82}},"36":{"start":{"line":99,"column":20},"end":{"line":99,"column":40}},"37":{"start":{"line":103,"column":42},"end":{"line":105,"column":22}},"38":{"start":{"line":108,"column":20},"end":{"line":117,"column":22}},"39":{"start":{"line":110,"column":24},"end":{"line":116,"column":25}},"40":{"start":{"line":111,"column":28},"end":{"line":111,"column":88}},"41":{"start":{"line":115,"column":28},"end":{"line":115,"column":70}},"42":{"start":{"line":127,"column":25},"end":{"line":127,"column":38}},"43":{"start":{"line":130,"column":28},"end":{"line":130,"column":41}},"44":{"start":{"line":133,"column":4},"end":{"line":181,"column":7}},"45":{"start":{"line":135,"column":8},"end":{"line":180,"column":9}},"46":{"start":{"line":136,"column":12},"end":{"line":136,"column":108}},"47":{"start":{"line":140,"column":12},"end":{"line":179,"column":13}},"48":{"start":{"line":141,"column":16},"end":{"line":141,"column":88}},"49":{"start":{"line":145,"column":16},"end":{"line":178,"column":19}},"50":{"start":{"line":146,"column":20},"end":{"line":177,"column":21}},"51":{"start":{"line":147,"column":24},"end":{"line":147,"column":62}},"52":{"start":{"line":151,"column":24},"end":{"line":151,"column":90}},"53":{"start":{"line":153,"column":39},"end":{"line":153,"column":105}},"54":{"start":{"line":156,"column":24},"end":{"line":176,"column":25}},"55":{"start":{"line":157,"column":28},"end":{"line":157,"column":103}},"56":{"start":{"line":160,"column":29},"end":{"line":176,"column":25}},"57":{"start":{"line":161,"column":28},"end":{"line":161,"column":118}},"58":{"start":{"line":165,"column":28},"end":{"line":165,"column":78}},"59":{"start":{"line":168,"column":28},"end":{"line":175,"column":31}},"60":{"start":{"line":169,"column":32},"end":{"line":174,"column":33}},"61":{"start":{"line":170,"column":36},"end":{"line":170,"column":74}},"62":{"start":{"line":173,"column":36},"end":{"line":173,"column":80}},"63":{"start":{"line":187,"column":25},"end":{"line":187,"column":38}},"64":{"start":{"line":190,"column":4},"end":{"line":206,"column":6}},"65":{"start":{"line":192,"column":8},"end":{"line":205,"column":9}},"66":{"start":{"line":193,"column":12},"end":{"line":193,"column":107}},"67":{"start":{"line":197,"column":12},"end":{"line":204,"column":13}},"68":{"start":{"line":198,"column":16},"end":{"line":198,"column":111}},"69":{"start":{"line":202,"column":16},"end":{"line":202,"column":42}},"70":{"start":{"line":203,"column":16},"end":{"line":203,"column":60}},"71":{"start":{"line":210,"column":0},"end":{"line":217,"column":2}}},"fnMap":{"0":{"name":"getIngredient","decl":{"start":{"line":6,"column":9},"end":{"line":6,"column":22}},"loc":{"start":{"line":6,"column":33},"end":{"line":23,"column":1}},"line":6},"1":{"name":"(anonymous_1)","decl":{"start":{"line":8,"column":71},"end":{"line":8,"column":72}},"loc":{"start":{"line":8,"column":104},"end":{"line":22,"column":5}},"line":8},"2":{"name":"getIngredientById","decl":{"start":{"line":25,"column":9},"end":{"line":25,"column":26}},"loc":{"start":{"line":25,"column":37},"end":{"line":45,"column":1}},"line":25},"3":{"name":"(anonymous_3)","decl":{"start":{"line":30,"column":60},"end":{"line":30,"column":61}},"loc":{"start":{"line":30,"column":92},"end":{"line":44,"column":5}},"line":30},"4":{"name":"getIngredientByName","decl":{"start":{"line":47,"column":9},"end":{"line":47,"column":28}},"loc":{"start":{"line":47,"column":39},"end":{"line":72,"column":1}},"line":47},"5":{"name":"(anonymous_5)","decl":{"start":{"line":52,"column":42},"end":{"line":52,"column":43}},"loc":{"start":{"line":52,"column":69},"end":{"line":71,"column":5}},"line":52},"6":{"name":"postIngredient","decl":{"start":{"line":75,"column":9},"end":{"line":75,"column":23}},"loc":{"start":{"line":75,"column":34},"end":{"line":122,"column":1}},"line":75},"7":{"name":"(anonymous_7)","decl":{"start":{"line":78,"column":42},"end":{"line":78,"column":43}},"loc":{"start":{"line":78,"column":75},"end":{"line":121,"column":5}},"line":78},"8":{"name":"(anonymous_8)","decl":{"start":{"line":108,"column":39},"end":{"line":108,"column":40}},"loc":{"start":{"line":108,"column":53},"end":{"line":117,"column":21}},"line":108},"9":{"name":"updateIngredient","decl":{"start":{"line":125,"column":9},"end":{"line":125,"column":25}},"loc":{"start":{"line":125,"column":36},"end":{"line":182,"column":1}},"line":125},"10":{"name":"(anonymous_10)","decl":{"start":{"line":133,"column":60},"end":{"line":133,"column":61}},"loc":{"start":{"line":133,"column":92},"end":{"line":181,"column":5}},"line":133},"11":{"name":"(anonymous_11)","decl":{"start":{"line":145,"column":54},"end":{"line":145,"column":55}},"loc":{"start":{"line":145,"column":87},"end":{"line":178,"column":17}},"line":145},"12":{"name":"(anonymous_12)","decl":{"start":{"line":168,"column":50},"end":{"line":168,"column":51}},"loc":{"start":{"line":168,"column":64},"end":{"line":175,"column":29}},"line":168},"13":{"name":"deleteIngredient","decl":{"start":{"line":185,"column":9},"end":{"line":185,"column":25}},"loc":{"start":{"line":185,"column":36},"end":{"line":207,"column":1}},"line":185},"14":{"name":"(anonymous_14)","decl":{"start":{"line":190,"column":60},"end":{"line":190,"column":61}},"loc":{"start":{"line":190,"column":92},"end":{"line":206,"column":5}},"line":190}},"branchMap":{"0":{"loc":{"start":{"line":10,"column":8},"end":{"line":21,"column":9}},"type":"if","locations":[{"start":{"line":10,"column":8},"end":{"line":21,"column":9}},{"start":{"line":10,"column":8},"end":{"line":21,"column":9}}],"line":10},"1":{"loc":{"start":{"line":14,"column":12},"end":{"line":20,"column":13}},"type":"if","locations":[{"start":{"line":14,"column":12},"end":{"line":20,"column":13}},{"start":{"line":14,"column":12},"end":{"line":20,"column":13}}],"line":14},"2":{"loc":{"start":{"line":32,"column":8},"end":{"line":43,"column":9}},"type":"if","locations":[{"start":{"line":32,"column":8},"end":{"line":43,"column":9}},{"start":{"line":32,"column":8},"end":{"line":43,"column":9}}],"line":32},"3":{"loc":{"start":{"line":37,"column":12},"end":{"line":42,"column":13}},"type":"if","locations":[{"start":{"line":37,"column":12},"end":{"line":42,"column":13}},{"start":{"line":37,"column":12},"end":{"line":42,"column":13}}],"line":37},"4":{"loc":{"start":{"line":37,"column":16},"end":{"line":37,"column":73}},"type":"binary-expr","locations":[{"start":{"line":37,"column":16},"end":{"line":37,"column":45}},{"start":{"line":37,"column":49},"end":{"line":37,"column":73}}],"line":37},"5":{"loc":{"start":{"line":54,"column":8},"end":{"line":70,"column":9}},"type":"if","locations":[{"start":{"line":54,"column":8},"end":{"line":70,"column":9}},{"start":{"line":54,"column":8},"end":{"line":70,"column":9}}],"line":54},"6":{"loc":{"start":{"line":64,"column":16},"end":{"line":66,"column":17}},"type":"if","locations":[{"start":{"line":64,"column":16},"end":{"line":66,"column":17}},{"start":{"line":64,"column":16},"end":{"line":66,"column":17}}],"line":64},"7":{"loc":{"start":{"line":80,"column":8},"end":{"line":120,"column":9}},"type":"if","locations":[{"start":{"line":80,"column":8},"end":{"line":120,"column":9}},{"start":{"line":80,"column":8},"end":{"line":120,"column":9}}],"line":80},"8":{"loc":{"start":{"line":86,"column":12},"end":{"line":119,"column":13}},"type":"if","locations":[{"start":{"line":86,"column":12},"end":{"line":119,"column":13}},{"start":{"line":86,"column":12},"end":{"line":119,"column":13}}],"line":86},"9":{"loc":{"start":{"line":86,"column":16},"end":{"line":86,"column":67}},"type":"binary-expr","locations":[{"start":{"line":86,"column":16},"end":{"line":86,"column":43}},{"start":{"line":86,"column":47},"end":{"line":86,"column":67}}],"line":86},"10":{"loc":{"start":{"line":97,"column":16},"end":{"line":118,"column":17}},"type":"if","locations":[{"start":{"line":97,"column":16},"end":{"line":118,"column":17}},{"start":{"line":97,"column":16},"end":{"line":118,"column":17}}],"line":97},"11":{"loc":{"start":{"line":110,"column":24},"end":{"line":116,"column":25}},"type":"if","locations":[{"start":{"line":110,"column":24},"end":{"line":116,"column":25}},{"start":{"line":110,"column":24},"end":{"line":116,"column":25}}],"line":110},"12":{"loc":{"start":{"line":135,"column":8},"end":{"line":180,"column":9}},"type":"if","locations":[{"start":{"line":135,"column":8},"end":{"line":180,"column":9}},{"start":{"line":135,"column":8},"end":{"line":180,"column":9}}],"line":135},"13":{"loc":{"start":{"line":140,"column":12},"end":{"line":179,"column":13}},"type":"if","locations":[{"start":{"line":140,"column":12},"end":{"line":179,"column":13}},{"start":{"line":140,"column":12},"end":{"line":179,"column":13}}],"line":140},"14":{"loc":{"start":{"line":140,"column":16},"end":{"line":140,"column":73}},"type":"binary-expr","locations":[{"start":{"line":140,"column":16},"end":{"line":140,"column":39}},{"start":{"line":140,"column":43},"end":{"line":140,"column":73}}],"line":140},"15":{"loc":{"start":{"line":146,"column":20},"end":{"line":177,"column":21}},"type":"if","locations":[{"start":{"line":146,"column":20},"end":{"line":177,"column":21}},{"start":{"line":146,"column":20},"end":{"line":177,"column":21}}],"line":146},"16":{"loc":{"start":{"line":156,"column":24},"end":{"line":176,"column":25}},"type":"if","locations":[{"start":{"line":156,"column":24},"end":{"line":176,"column":25}},{"start":{"line":156,"column":24},"end":{"line":176,"column":25}}],"line":156},"17":{"loc":{"start":{"line":160,"column":29},"end":{"line":176,"column":25}},"type":"if","locations":[{"start":{"line":160,"column":29},"end":{"line":176,"column":25}},{"start":{"line":160,"column":29},"end":{"line":176,"column":25}}],"line":160},"18":{"loc":{"start":{"line":169,"column":32},"end":{"line":174,"column":33}},"type":"if","locations":[{"start":{"line":169,"column":32},"end":{"line":174,"column":33}},{"start":{"line":169,"column":32},"end":{"line":174,"column":33}}],"line":169},"19":{"loc":{"start":{"line":192,"column":8},"end":{"line":205,"column":9}},"type":"if","locations":[{"start":{"line":192,"column":8},"end":{"line":205,"column":9}},{"start":{"line":192,"column":8},"end":{"line":205,"column":9}}],"line":192},"20":{"loc":{"start":{"line":197,"column":12},"end":{"line":204,"column":13}},"type":"if","locations":[{"start":{"line":197,"column":12},"end":{"line":204,"column":13}},{"start":{"line":197,"column":12},"end":{"line":204,"column":13}}],"line":197},"21":{"loc":{"start":{"line":197,"column":16},"end":{"line":197,"column":72}},"type":"binary-expr","locations":[{"start":{"line":197,"column":16},"end":{"line":197,"column":40}},{"start":{"line":197,"column":44},"end":{"line":197,"column":72}}],"line":197}},"s":{"0":1,"1":1,"2":0,"3":0,"4":0,"5":0,"6":0,"7":0,"8":0,"9":0,"10":0,"11":0,"12":0,"13":0,"14":0,"15":0,"16":0,"17":0,"18":0,"19":0,"20":0,"21":0,"22":0,"23":0,"24":0,"25":0,"26":0,"27":0,"28":0,"29":0,"30":0,"31":0,"32":0,"33":0,"34":0,"35":0,"36":0,"37":0,"38":0,"39":0,"40":0,"41":0,"42":0,"43":0,"44":0,"45":0,"46":0,"47":0,"48":0,"49":0,"50":0,"51":0,"52":0,"53":0,"54":0,"55":0,"56":0,"57":0,"58":0,"59":0,"60":0,"61":0,"62":0,"63":0,"64":0,"65":0,"66":0,"67":0,"68":0,"69":0,"70":0,"71":1},"f":{"0":0,"1":0,"2":0,"3":0,"4":0,"5":0,"6":0,"7":0,"8":0,"9":0,"10":0,"11":0,"12":0,"13":0,"14":0},"b":{"0":[0,0],"1":[0,0],"2":[0,0],"3":[0,0],"4":[0,0],"5":[0,0],"6":[0,0],"7":[0,0],"8":[0,0],"9":[0,0],"10":[0,0],"11":[0,0],"12":[0,0],"13":[0,0],"14":[0,0],"15":[0,0],"16":[0,0],"17":[0,0],"18":[0,0],"19":[0,0],"20":[0,0],"21":[0,0]},"_coverageSchema":"332fd63041d2c1bcb487cc26dd0d5f7d97098a6c","hash":"6ec4aa8ae31089b6132568744c7c456fac370356"}
,"/home/ubuntu/workspace/backend/controller/menu.controller.js": {"path":"/home/ubuntu/workspace/backend/controller/menu.controller.js","statementMap":{"0":{"start":{"line":2,"column":19},"end":{"line":2,"column":89}},"1":{"start":{"line":3,"column":19},"end":{"line":3,"column":89}},"2":{"start":{"line":8,"column":4},"end":{"line":23,"column":6}},"3":{"start":{"line":10,"column":8},"end":{"line":22,"column":9}},"4":{"start":{"line":11,"column":12},"end":{"line":11,"column":50}},"5":{"start":{"line":15,"column":12},"end":{"line":21,"column":13}},"6":{"start":{"line":16,"column":16},"end":{"line":16,"column":77}},"7":{"start":{"line":20,"column":16},"end":{"line":20,"column":59}},"8":{"start":{"line":29,"column":19},"end":{"line":29,"column":32}},"9":{"start":{"line":32,"column":4},"end":{"line":47,"column":6}},"10":{"start":{"line":34,"column":8},"end":{"line":46,"column":9}},"11":{"start":{"line":35,"column":12},"end":{"line":35,"column":101}},"12":{"start":{"line":39,"column":12},"end":{"line":45,"column":13}},"13":{"start":{"line":40,"column":16},"end":{"line":40,"column":105}},"14":{"start":{"line":44,"column":16},"end":{"line":44,"column":57}},"15":{"start":{"line":54,"column":26},"end":{"line":54,"column":41}},"16":{"start":{"line":56,"column":25},"end":{"line":56,"column":27}},"17":{"start":{"line":57,"column":21},"end":{"line":57,"column":34}},"18":{"start":{"line":60,"column":4},"end":{"line":137,"column":5}},"19":{"start":{"line":61,"column":8},"end":{"line":61,"column":68}},"20":{"start":{"line":63,"column":9},"end":{"line":137,"column":5}},"21":{"start":{"line":64,"column":8},"end":{"line":64,"column":67}},"22":{"start":{"line":68,"column":8},"end":{"line":136,"column":11}},"23":{"start":{"line":70,"column":12},"end":{"line":135,"column":13}},"24":{"start":{"line":71,"column":16},"end":{"line":71,"column":54}},"25":{"start":{"line":75,"column":16},"end":{"line":134,"column":19}},"26":{"start":{"line":76,"column":20},"end":{"line":133,"column":21}},"27":{"start":{"line":77,"column":24},"end":{"line":77,"column":62}},"28":{"start":{"line":82,"column":24},"end":{"line":88,"column":25}},"29":{"start":{"line":83,"column":28},"end":{"line":87,"column":29}},"30":{"start":{"line":84,"column":32},"end":{"line":86,"column":33}},"31":{"start":{"line":85,"column":36},"end":{"line":85,"column":71}},"32":{"start":{"line":91,"column":40},"end":{"line":94,"column":26}},"33":{"start":{"line":97,"column":48},"end":{"line":97,"column":94}},"34":{"start":{"line":100,"column":24},"end":{"line":132,"column":25}},"35":{"start":{"line":103,"column":49},"end":{"line":103,"column":109}},"36":{"start":{"line":104,"column":46},"end":{"line":104,"column":69}},"37":{"start":{"line":107,"column":28},"end":{"line":120,"column":29}},"38":{"start":{"line":108,"column":32},"end":{"line":108,"column":110}},"39":{"start":{"line":112,"column":32},"end":{"line":119,"column":35}},"40":{"start":{"line":113,"column":36},"end":{"line":118,"column":37}},"41":{"start":{"line":114,"column":40},"end":{"line":114,"column":78}},"42":{"start":{"line":117,"column":40},"end":{"line":117,"column":75}},"43":{"start":{"line":124,"column":28},"end":{"line":131,"column":31}},"44":{"start":{"line":125,"column":32},"end":{"line":130,"column":33}},"45":{"start":{"line":126,"column":36},"end":{"line":126,"column":74}},"46":{"start":{"line":129,"column":36},"end":{"line":129,"column":71}},"47":{"start":{"line":144,"column":19},"end":{"line":144,"column":32}},"48":{"start":{"line":145,"column":18},"end":{"line":145,"column":31}},"49":{"start":{"line":146,"column":26},"end":{"line":146,"column":41}},"50":{"start":{"line":149,"column":4},"end":{"line":260,"column":7}},"51":{"start":{"line":151,"column":8},"end":{"line":259,"column":9}},"52":{"start":{"line":152,"column":12},"end":{"line":152,"column":50}},"53":{"start":{"line":156,"column":12},"end":{"line":258,"column":13}},"54":{"start":{"line":157,"column":16},"end":{"line":157,"column":106}},"55":{"start":{"line":161,"column":16},"end":{"line":257,"column":17}},"56":{"start":{"line":162,"column":20},"end":{"line":162,"column":99}},"57":{"start":{"line":166,"column":20},"end":{"line":256,"column":23}},"58":{"start":{"line":168,"column":24},"end":{"line":255,"column":25}},"59":{"start":{"line":169,"column":28},"end":{"line":169,"column":66}},"60":{"start":{"line":173,"column":49},"end":{"line":173,"column":51}},"61":{"start":{"line":175,"column":41},"end":{"line":175,"column":43}},"62":{"start":{"line":178,"column":28},"end":{"line":190,"column":29}},"63":{"start":{"line":180,"column":49},"end":{"line":180,"column":92}},"64":{"start":{"line":181,"column":32},"end":{"line":181,"column":76}},"65":{"start":{"line":183,"column":32},"end":{"line":189,"column":33}},"66":{"start":{"line":184,"column":36},"end":{"line":184,"column":52}},"67":{"start":{"line":187,"column":36},"end":{"line":187,"column":72}},"68":{"start":{"line":188,"column":36},"end":{"line":188,"column":64}},"69":{"start":{"line":193,"column":28},"end":{"line":254,"column":29}},"70":{"start":{"line":196,"column":32},"end":{"line":202,"column":33}},"71":{"start":{"line":197,"column":36},"end":{"line":201,"column":37}},"72":{"start":{"line":198,"column":40},"end":{"line":200,"column":41}},"73":{"start":{"line":199,"column":44},"end":{"line":199,"column":81}},"74":{"start":{"line":204,"column":32},"end":{"line":253,"column":33}},"75":{"start":{"line":205,"column":36},"end":{"line":205,"column":54}},"76":{"start":{"line":209,"column":60},"end":{"line":209,"column":108}},"77":{"start":{"line":215,"column":36},"end":{"line":220,"column":37}},"78":{"start":{"line":216,"column":40},"end":{"line":216,"column":62}},"79":{"start":{"line":219,"column":40},"end":{"line":219,"column":85}},"80":{"start":{"line":223,"column":36},"end":{"line":252,"column":37}},"81":{"start":{"line":224,"column":40},"end":{"line":233,"column":41}},"82":{"start":{"line":226,"column":48},"end":{"line":226,"column":115}},"83":{"start":{"line":227,"column":48},"end":{"line":227,"column":54}},"84":{"start":{"line":229,"column":48},"end":{"line":229,"column":140}},"85":{"start":{"line":230,"column":48},"end":{"line":230,"column":54}},"86":{"start":{"line":232,"column":48},"end":{"line":232,"column":116}},"87":{"start":{"line":237,"column":40},"end":{"line":251,"column":43}},"88":{"start":{"line":238,"column":44},"end":{"line":250,"column":45}},"89":{"start":{"line":239,"column":48},"end":{"line":239,"column":86}},"90":{"start":{"line":242,"column":48},"end":{"line":249,"column":51}},"91":{"start":{"line":243,"column":52},"end":{"line":248,"column":53}},"92":{"start":{"line":244,"column":56},"end":{"line":244,"column":94}},"93":{"start":{"line":247,"column":56},"end":{"line":247,"column":93}},"94":{"start":{"line":267,"column":19},"end":{"line":267,"column":32}},"95":{"start":{"line":270,"column":4},"end":{"line":286,"column":6}},"96":{"start":{"line":272,"column":8},"end":{"line":285,"column":9}},"97":{"start":{"line":273,"column":12},"end":{"line":273,"column":101}},"98":{"start":{"line":278,"column":12},"end":{"line":284,"column":13}},"99":{"start":{"line":279,"column":16},"end":{"line":279,"column":105}},"100":{"start":{"line":282,"column":16},"end":{"line":282,"column":36}},"101":{"start":{"line":283,"column":16},"end":{"line":283,"column":53}},"102":{"start":{"line":291,"column":25},"end":{"line":291,"column":26}},"103":{"start":{"line":300,"column":4},"end":{"line":334,"column":5}},"104":{"start":{"line":302,"column":8},"end":{"line":313,"column":9}},"105":{"start":{"line":303,"column":12},"end":{"line":312,"column":13}},"106":{"start":{"line":304,"column":16},"end":{"line":306,"column":17}},"107":{"start":{"line":305,"column":20},"end":{"line":305,"column":37}},"108":{"start":{"line":308,"column":16},"end":{"line":311,"column":17}},"109":{"start":{"line":309,"column":20},"end":{"line":309,"column":34}},"110":{"start":{"line":310,"column":20},"end":{"line":310,"column":26}},"111":{"start":{"line":316,"column":8},"end":{"line":333,"column":9}},"112":{"start":{"line":317,"column":12},"end":{"line":317,"column":31}},"113":{"start":{"line":318,"column":12},"end":{"line":332,"column":13}},"114":{"start":{"line":319,"column":16},"end":{"line":331,"column":17}},"115":{"start":{"line":322,"column":20},"end":{"line":324,"column":21}},"116":{"start":{"line":323,"column":24},"end":{"line":323,"column":41}},"117":{"start":{"line":327,"column":20},"end":{"line":330,"column":21}},"118":{"start":{"line":328,"column":24},"end":{"line":328,"column":38}},"119":{"start":{"line":329,"column":24},"end":{"line":329,"column":30}},"120":{"start":{"line":335,"column":4},"end":{"line":335,"column":21}},"121":{"start":{"line":339,"column":0},"end":{"line":345,"column":2}}},"fnMap":{"0":{"name":"getMenu","decl":{"start":{"line":6,"column":9},"end":{"line":6,"column":16}},"loc":{"start":{"line":6,"column":27},"end":{"line":24,"column":1}},"line":6},"1":{"name":"(anonymous_1)","decl":{"start":{"line":8,"column":57},"end":{"line":8,"column":58}},"loc":{"start":{"line":8,"column":84},"end":{"line":23,"column":5}},"line":8},"2":{"name":"getMenuById","decl":{"start":{"line":26,"column":9},"end":{"line":26,"column":20}},"loc":{"start":{"line":26,"column":31},"end":{"line":48,"column":1}},"line":26},"3":{"name":"(anonymous_3)","decl":{"start":{"line":32,"column":42},"end":{"line":32,"column":43}},"loc":{"start":{"line":32,"column":68},"end":{"line":47,"column":5}},"line":32},"4":{"name":"postMenu","decl":{"start":{"line":51,"column":9},"end":{"line":51,"column":17}},"loc":{"start":{"line":51,"column":28},"end":{"line":138,"column":1}},"line":51},"5":{"name":"(anonymous_5)","decl":{"start":{"line":68,"column":34},"end":{"line":68,"column":35}},"loc":{"start":{"line":68,"column":60},"end":{"line":136,"column":9}},"line":68},"6":{"name":"(anonymous_6)","decl":{"start":{"line":75,"column":42},"end":{"line":75,"column":43}},"loc":{"start":{"line":75,"column":68},"end":{"line":134,"column":17}},"line":75},"7":{"name":"(anonymous_7)","decl":{"start":{"line":112,"column":45},"end":{"line":112,"column":46}},"loc":{"start":{"line":112,"column":59},"end":{"line":119,"column":33}},"line":112},"8":{"name":"(anonymous_8)","decl":{"start":{"line":124,"column":41},"end":{"line":124,"column":42}},"loc":{"start":{"line":124,"column":55},"end":{"line":131,"column":29}},"line":124},"9":{"name":"updateMenu","decl":{"start":{"line":141,"column":9},"end":{"line":141,"column":19}},"loc":{"start":{"line":141,"column":30},"end":{"line":261,"column":1}},"line":141},"10":{"name":"(anonymous_10)","decl":{"start":{"line":149,"column":42},"end":{"line":149,"column":43}},"loc":{"start":{"line":149,"column":70},"end":{"line":260,"column":5}},"line":149},"11":{"name":"(anonymous_11)","decl":{"start":{"line":166,"column":46},"end":{"line":166,"column":47}},"loc":{"start":{"line":166,"column":74},"end":{"line":256,"column":21}},"line":166},"12":{"name":"(anonymous_12)","decl":{"start":{"line":237,"column":58},"end":{"line":237,"column":59}},"loc":{"start":{"line":237,"column":72},"end":{"line":251,"column":41}},"line":237},"13":{"name":"(anonymous_13)","decl":{"start":{"line":242,"column":66},"end":{"line":242,"column":67}},"loc":{"start":{"line":242,"column":80},"end":{"line":249,"column":49}},"line":242},"14":{"name":"deleteMenu","decl":{"start":{"line":264,"column":9},"end":{"line":264,"column":19}},"loc":{"start":{"line":264,"column":30},"end":{"line":287,"column":1}},"line":264},"15":{"name":"(anonymous_15)","decl":{"start":{"line":270,"column":42},"end":{"line":270,"column":43}},"loc":{"start":{"line":270,"column":68},"end":{"line":286,"column":5}},"line":270},"16":{"name":"checkRepeatedDishes","decl":{"start":{"line":289,"column":9},"end":{"line":289,"column":28}},"loc":{"start":{"line":289,"column":44},"end":{"line":336,"column":1}},"line":289}},"branchMap":{"0":{"loc":{"start":{"line":10,"column":8},"end":{"line":22,"column":9}},"type":"if","locations":[{"start":{"line":10,"column":8},"end":{"line":22,"column":9}},{"start":{"line":10,"column":8},"end":{"line":22,"column":9}}],"line":10},"1":{"loc":{"start":{"line":15,"column":12},"end":{"line":21,"column":13}},"type":"if","locations":[{"start":{"line":15,"column":12},"end":{"line":21,"column":13}},{"start":{"line":15,"column":12},"end":{"line":21,"column":13}}],"line":15},"2":{"loc":{"start":{"line":34,"column":8},"end":{"line":46,"column":9}},"type":"if","locations":[{"start":{"line":34,"column":8},"end":{"line":46,"column":9}},{"start":{"line":34,"column":8},"end":{"line":46,"column":9}}],"line":34},"3":{"loc":{"start":{"line":39,"column":12},"end":{"line":45,"column":13}},"type":"if","locations":[{"start":{"line":39,"column":12},"end":{"line":45,"column":13}},{"start":{"line":39,"column":12},"end":{"line":45,"column":13}}],"line":39},"4":{"loc":{"start":{"line":39,"column":16},"end":{"line":39,"column":61}},"type":"binary-expr","locations":[{"start":{"line":39,"column":16},"end":{"line":39,"column":34}},{"start":{"line":39,"column":38},"end":{"line":39,"column":61}}],"line":39},"5":{"loc":{"start":{"line":60,"column":4},"end":{"line":137,"column":5}},"type":"if","locations":[{"start":{"line":60,"column":4},"end":{"line":137,"column":5}},{"start":{"line":60,"column":4},"end":{"line":137,"column":5}}],"line":60},"6":{"loc":{"start":{"line":60,"column":8},"end":{"line":60,"column":63}},"type":"binary-expr","locations":[{"start":{"line":60,"column":8},"end":{"line":60,"column":34}},{"start":{"line":60,"column":38},"end":{"line":60,"column":63}}],"line":60},"7":{"loc":{"start":{"line":63,"column":9},"end":{"line":137,"column":5}},"type":"if","locations":[{"start":{"line":63,"column":9},"end":{"line":137,"column":5}},{"start":{"line":63,"column":9},"end":{"line":137,"column":5}}],"line":63},"8":{"loc":{"start":{"line":63,"column":13},"end":{"line":63,"column":72}},"type":"binary-expr","locations":[{"start":{"line":63,"column":13},"end":{"line":63,"column":34}},{"start":{"line":63,"column":38},"end":{"line":63,"column":54}},{"start":{"line":63,"column":58},"end":{"line":63,"column":72}}],"line":63},"9":{"loc":{"start":{"line":70,"column":12},"end":{"line":135,"column":13}},"type":"if","locations":[{"start":{"line":70,"column":12},"end":{"line":135,"column":13}},{"start":{"line":70,"column":12},"end":{"line":135,"column":13}}],"line":70},"10":{"loc":{"start":{"line":76,"column":20},"end":{"line":133,"column":21}},"type":"if","locations":[{"start":{"line":76,"column":20},"end":{"line":133,"column":21}},{"start":{"line":76,"column":20},"end":{"line":133,"column":21}}],"line":76},"11":{"loc":{"start":{"line":84,"column":32},"end":{"line":86,"column":33}},"type":"if","locations":[{"start":{"line":84,"column":32},"end":{"line":86,"column":33}},{"start":{"line":84,"column":32},"end":{"line":86,"column":33}}],"line":84},"12":{"loc":{"start":{"line":100,"column":24},"end":{"line":132,"column":25}},"type":"if","locations":[{"start":{"line":100,"column":24},"end":{"line":132,"column":25}},{"start":{"line":100,"column":24},"end":{"line":132,"column":25}}],"line":100},"13":{"loc":{"start":{"line":107,"column":28},"end":{"line":120,"column":29}},"type":"if","locations":[{"start":{"line":107,"column":28},"end":{"line":120,"column":29}},{"start":{"line":107,"column":28},"end":{"line":120,"column":29}}],"line":107},"14":{"loc":{"start":{"line":113,"column":36},"end":{"line":118,"column":37}},"type":"if","locations":[{"start":{"line":113,"column":36},"end":{"line":118,"column":37}},{"start":{"line":113,"column":36},"end":{"line":118,"column":37}}],"line":113},"15":{"loc":{"start":{"line":125,"column":32},"end":{"line":130,"column":33}},"type":"if","locations":[{"start":{"line":125,"column":32},"end":{"line":130,"column":33}},{"start":{"line":125,"column":32},"end":{"line":130,"column":33}}],"line":125},"16":{"loc":{"start":{"line":151,"column":8},"end":{"line":259,"column":9}},"type":"if","locations":[{"start":{"line":151,"column":8},"end":{"line":259,"column":9}},{"start":{"line":151,"column":8},"end":{"line":259,"column":9}}],"line":151},"17":{"loc":{"start":{"line":156,"column":12},"end":{"line":258,"column":13}},"type":"if","locations":[{"start":{"line":156,"column":12},"end":{"line":258,"column":13}},{"start":{"line":156,"column":12},"end":{"line":258,"column":13}}],"line":156},"18":{"loc":{"start":{"line":156,"column":16},"end":{"line":156,"column":65}},"type":"binary-expr","locations":[{"start":{"line":156,"column":16},"end":{"line":156,"column":36}},{"start":{"line":156,"column":40},"end":{"line":156,"column":65}}],"line":156},"19":{"loc":{"start":{"line":161,"column":16},"end":{"line":257,"column":17}},"type":"if","locations":[{"start":{"line":161,"column":16},"end":{"line":257,"column":17}},{"start":{"line":161,"column":16},"end":{"line":257,"column":17}}],"line":161},"20":{"loc":{"start":{"line":161,"column":20},"end":{"line":161,"column":122}},"type":"binary-expr","locations":[{"start":{"line":161,"column":21},"end":{"line":161,"column":36}},{"start":{"line":161,"column":40},"end":{"line":161,"column":60}},{"start":{"line":161,"column":66},"end":{"line":161,"column":92}},{"start":{"line":161,"column":96},"end":{"line":161,"column":121}}],"line":161},"21":{"loc":{"start":{"line":168,"column":24},"end":{"line":255,"column":25}},"type":"if","locations":[{"start":{"line":168,"column":24},"end":{"line":255,"column":25}},{"start":{"line":168,"column":24},"end":{"line":255,"column":25}}],"line":168},"22":{"loc":{"start":{"line":178,"column":28},"end":{"line":190,"column":29}},"type":"if","locations":[{"start":{"line":178,"column":28},"end":{"line":190,"column":29}},{"start":{"line":178,"column":28},"end":{"line":190,"column":29}}],"line":178},"23":{"loc":{"start":{"line":178,"column":32},"end":{"line":178,"column":71}},"type":"binary-expr","locations":[{"start":{"line":178,"column":32},"end":{"line":178,"column":47}},{"start":{"line":178,"column":51},"end":{"line":178,"column":71}}],"line":178},"24":{"loc":{"start":{"line":183,"column":32},"end":{"line":189,"column":33}},"type":"if","locations":[{"start":{"line":183,"column":32},"end":{"line":189,"column":33}},{"start":{"line":183,"column":32},"end":{"line":189,"column":33}}],"line":183},"25":{"loc":{"start":{"line":193,"column":28},"end":{"line":254,"column":29}},"type":"if","locations":[{"start":{"line":193,"column":28},"end":{"line":254,"column":29}},{"start":{"line":193,"column":28},"end":{"line":254,"column":29}}],"line":193},"26":{"loc":{"start":{"line":198,"column":40},"end":{"line":200,"column":41}},"type":"if","locations":[{"start":{"line":198,"column":40},"end":{"line":200,"column":41}},{"start":{"line":198,"column":40},"end":{"line":200,"column":41}}],"line":198},"27":{"loc":{"start":{"line":204,"column":32},"end":{"line":253,"column":33}},"type":"if","locations":[{"start":{"line":204,"column":32},"end":{"line":253,"column":33}},{"start":{"line":204,"column":32},"end":{"line":253,"column":33}}],"line":204},"28":{"loc":{"start":{"line":215,"column":36},"end":{"line":220,"column":37}},"type":"if","locations":[{"start":{"line":215,"column":36},"end":{"line":220,"column":37}},{"start":{"line":215,"column":36},"end":{"line":220,"column":37}}],"line":215},"29":{"loc":{"start":{"line":223,"column":36},"end":{"line":252,"column":37}},"type":"if","locations":[{"start":{"line":223,"column":36},"end":{"line":252,"column":37}},{"start":{"line":223,"column":36},"end":{"line":252,"column":37}}],"line":223},"30":{"loc":{"start":{"line":224,"column":40},"end":{"line":233,"column":41}},"type":"switch","locations":[{"start":{"line":225,"column":44},"end":{"line":227,"column":54}},{"start":{"line":228,"column":44},"end":{"line":230,"column":54}},{"start":{"line":231,"column":44},"end":{"line":232,"column":116}}],"line":224},"31":{"loc":{"start":{"line":238,"column":44},"end":{"line":250,"column":45}},"type":"if","locations":[{"start":{"line":238,"column":44},"end":{"line":250,"column":45}},{"start":{"line":238,"column":44},"end":{"line":250,"column":45}}],"line":238},"32":{"loc":{"start":{"line":243,"column":52},"end":{"line":248,"column":53}},"type":"if","locations":[{"start":{"line":243,"column":52},"end":{"line":248,"column":53}},{"start":{"line":243,"column":52},"end":{"line":248,"column":53}}],"line":243},"33":{"loc":{"start":{"line":272,"column":8},"end":{"line":285,"column":9}},"type":"if","locations":[{"start":{"line":272,"column":8},"end":{"line":285,"column":9}},{"start":{"line":272,"column":8},"end":{"line":285,"column":9}}],"line":272},"34":{"loc":{"start":{"line":278,"column":12},"end":{"line":284,"column":13}},"type":"if","locations":[{"start":{"line":278,"column":12},"end":{"line":284,"column":13}},{"start":{"line":278,"column":12},"end":{"line":284,"column":13}}],"line":278},"35":{"loc":{"start":{"line":278,"column":16},"end":{"line":278,"column":61}},"type":"binary-expr","locations":[{"start":{"line":278,"column":16},"end":{"line":278,"column":39}},{"start":{"line":278,"column":43},"end":{"line":278,"column":61}}],"line":278},"36":{"loc":{"start":{"line":300,"column":4},"end":{"line":334,"column":5}},"type":"if","locations":[{"start":{"line":300,"column":4},"end":{"line":334,"column":5}},{"start":{"line":300,"column":4},"end":{"line":334,"column":5}}],"line":300},"37":{"loc":{"start":{"line":304,"column":16},"end":{"line":306,"column":17}},"type":"if","locations":[{"start":{"line":304,"column":16},"end":{"line":306,"column":17}},{"start":{"line":304,"column":16},"end":{"line":306,"column":17}}],"line":304},"38":{"loc":{"start":{"line":308,"column":16},"end":{"line":311,"column":17}},"type":"if","locations":[{"start":{"line":308,"column":16},"end":{"line":311,"column":17}},{"start":{"line":308,"column":16},"end":{"line":311,"column":17}}],"line":308},"39":{"loc":{"start":{"line":308,"column":20},"end":{"line":308,"column":92}},"type":"binary-expr","locations":[{"start":{"line":308,"column":20},"end":{"line":308,"column":52}},{"start":{"line":308,"column":56},"end":{"line":308,"column":92}}],"line":308},"40":{"loc":{"start":{"line":322,"column":20},"end":{"line":324,"column":21}},"type":"if","locations":[{"start":{"line":322,"column":20},"end":{"line":324,"column":21}},{"start":{"line":322,"column":20},"end":{"line":324,"column":21}}],"line":322},"41":{"loc":{"start":{"line":327,"column":20},"end":{"line":330,"column":21}},"type":"if","locations":[{"start":{"line":327,"column":20},"end":{"line":330,"column":21}},{"start":{"line":327,"column":20},"end":{"line":330,"column":21}}],"line":327},"42":{"loc":{"start":{"line":327,"column":24},"end":{"line":327,"column":99}},"type":"binary-expr","locations":[{"start":{"line":327,"column":24},"end":{"line":327,"column":56}},{"start":{"line":327,"column":60},"end":{"line":327,"column":99}}],"line":327}},"s":{"0":1,"1":1,"2":0,"3":0,"4":0,"5":0,"6":0,"7":0,"8":0,"9":0,"10":0,"11":0,"12":0,"13":0,"14":0,"15":0,"16":0,"17":0,"18":0,"19":0,"20":0,"21":0,"22":0,"23":0,"24":0,"25":0,"26":0,"27":0,"28":0,"29":0,"30":0,"31":0,"32":0,"33":0,"34":0,"35":0,"36":0,"37":0,"38":0,"39":0,"40":0,"41":0,"42":0,"43":0,"44":0,"45":0,"46":0,"47":0,"48":0,"49":0,"50":0,"51":0,"52":0,"53":0,"54":0,"55":0,"56":0,"57":0,"58":0,"59":0,"60":0,"61":0,"62":0,"63":0,"64":0,"65":0,"66":0,"67":0,"68":0,"69":0,"70":0,"71":0,"72":0,"73":0,"74":0,"75":0,"76":0,"77":0,"78":0,"79":0,"80":0,"81":0,"82":0,"83":0,"84":0,"85":0,"86":0,"87":0,"88":0,"89":0,"90":0,"91":0,"92":0,"93":0,"94":0,"95":0,"96":0,"97":0,"98":0,"99":0,"100":0,"101":0,"102":0,"103":0,"104":0,"105":0,"106":0,"107":0,"108":0,"109":0,"110":0,"111":0,"112":0,"113":0,"114":0,"115":0,"116":0,"117":0,"118":0,"119":0,"120":0,"121":1},"f":{"0":0,"1":0,"2":0,"3":0,"4":0,"5":0,"6":0,"7":0,"8":0,"9":0,"10":0,"11":0,"12":0,"13":0,"14":0,"15":0,"16":0},"b":{"0":[0,0],"1":[0,0],"2":[0,0],"3":[0,0],"4":[0,0],"5":[0,0],"6":[0,0],"7":[0,0],"8":[0,0,0],"9":[0,0],"10":[0,0],"11":[0,0],"12":[0,0],"13":[0,0],"14":[0,0],"15":[0,0],"16":[0,0],"17":[0,0],"18":[0,0],"19":[0,0],"20":[0,0,0,0],"21":[0,0],"22":[0,0],"23":[0,0],"24":[0,0],"25":[0,0],"26":[0,0],"27":[0,0],"28":[0,0],"29":[0,0],"30":[0,0,0],"31":[0,0],"32":[0,0],"33":[0,0],"34":[0,0],"35":[0,0],"36":[0,0],"37":[0,0],"38":[0,0],"39":[0,0],"40":[0,0],"41":[0,0],"42":[0,0]},"_coverageSchema":"332fd63041d2c1bcb487cc26dd0d5f7d97098a6c","hash":"e378ad799b6b24ba06421c1d23de577fe4c9c814"}
,"/home/ubuntu/workspace/backend/controller/verifications.controller.js": {"path":"/home/ubuntu/workspace/backend/controller/verifications.controller.js","statementMap":{"0":{"start":{"line":4,"column":15},"end":{"line":4,"column":32}},"1":{"start":{"line":8,"column":23},"end":{"line":8,"column":25}},"2":{"start":{"line":9,"column":22},"end":{"line":9,"column":47}},"3":{"start":{"line":11,"column":4},"end":{"line":27,"column":5}},"4":{"start":{"line":12,"column":8},"end":{"line":21,"column":9}},"5":{"start":{"line":14,"column":16},"end":{"line":19,"column":17}},"6":{"start":{"line":15,"column":20},"end":{"line":15,"column":68}},"7":{"start":{"line":18,"column":20},"end":{"line":18,"column":68}},"8":{"start":{"line":22,"column":8},"end":{"line":26,"column":9}},"9":{"start":{"line":24,"column":16},"end":{"line":24,"column":36}},"10":{"start":{"line":30,"column":4},"end":{"line":30,"column":24}},"11":{"start":{"line":36,"column":4},"end":{"line":85,"column":5}},"12":{"start":{"line":40,"column":20},"end":{"line":40,"column":21}},"13":{"start":{"line":43,"column":8},"end":{"line":64,"column":9}},"14":{"start":{"line":44,"column":12},"end":{"line":63,"column":13}},"15":{"start":{"line":45,"column":16},"end":{"line":62,"column":17}},"16":{"start":{"line":46,"column":20},"end":{"line":48,"column":21}},"17":{"start":{"line":47,"column":24},"end":{"line":47,"column":32}},"18":{"start":{"line":50,"column":21},"end":{"line":62,"column":17}},"19":{"start":{"line":51,"column":20},"end":{"line":53,"column":21}},"20":{"start":{"line":52,"column":24},"end":{"line":52,"column":32}},"21":{"start":{"line":55,"column":21},"end":{"line":62,"column":17}},"22":{"start":{"line":56,"column":20},"end":{"line":58,"column":21}},"23":{"start":{"line":57,"column":24},"end":{"line":57,"column":32}},"24":{"start":{"line":60,"column":21},"end":{"line":62,"column":17}},"25":{"start":{"line":61,"column":20},"end":{"line":61,"column":28}},"26":{"start":{"line":65,"column":8},"end":{"line":70,"column":9}},"27":{"start":{"line":66,"column":12},"end":{"line":66,"column":24}},"28":{"start":{"line":69,"column":12},"end":{"line":69,"column":25}},"29":{"start":{"line":75,"column":8},"end":{"line":83,"column":9}},"30":{"start":{"line":76,"column":12},"end":{"line":81,"column":13}},"31":{"start":{"line":77,"column":16},"end":{"line":77,"column":28}},"32":{"start":{"line":79,"column":17},"end":{"line":81,"column":13}},"33":{"start":{"line":80,"column":16},"end":{"line":80,"column":28}},"34":{"start":{"line":84,"column":8},"end":{"line":84,"column":21}},"35":{"start":{"line":90,"column":4},"end":{"line":94,"column":5}},"36":{"start":{"line":91,"column":8},"end":{"line":93,"column":9}},"37":{"start":{"line":92,"column":12},"end":{"line":92,"column":24}},"38":{"start":{"line":96,"column":4},"end":{"line":96,"column":17}},"39":{"start":{"line":101,"column":4},"end":{"line":108,"column":5}},"40":{"start":{"line":103,"column":8},"end":{"line":103,"column":20}},"41":{"start":{"line":107,"column":8},"end":{"line":107,"column":21}},"42":{"start":{"line":112,"column":25},"end":{"line":112,"column":53}},"43":{"start":{"line":114,"column":4},"end":{"line":122,"column":5}},"44":{"start":{"line":115,"column":23},"end":{"line":115,"column":46}},"45":{"start":{"line":116,"column":28},"end":{"line":116,"column":37}},"46":{"start":{"line":117,"column":8},"end":{"line":117,"column":32}},"47":{"start":{"line":118,"column":8},"end":{"line":118,"column":15}},"48":{"start":{"line":121,"column":8},"end":{"line":121,"column":28}},"49":{"start":{"line":126,"column":4},"end":{"line":126,"column":60}},"50":{"start":{"line":130,"column":4},"end":{"line":130,"column":59}},"51":{"start":{"line":133,"column":0},"end":{"line":141,"column":1}}},"fnMap":{"0":{"name":"formatString","decl":{"start":{"line":7,"column":9},"end":{"line":7,"column":21}},"loc":{"start":{"line":7,"column":38},"end":{"line":31,"column":1}},"line":7},"1":{"name":"verifyIfExists","decl":{"start":{"line":34,"column":9},"end":{"line":34,"column":23}},"loc":{"start":{"line":34,"column":37},"end":{"line":86,"column":1}},"line":34},"2":{"name":"verifyIfUserExists","decl":{"start":{"line":88,"column":9},"end":{"line":88,"column":27}},"loc":{"start":{"line":88,"column":45},"end":{"line":97,"column":1}},"line":88},"3":{"name":"verifyLength","decl":{"start":{"line":100,"column":9},"end":{"line":100,"column":21}},"loc":{"start":{"line":100,"column":36},"end":{"line":109,"column":1}},"line":100},"4":{"name":"verifyToken","decl":{"start":{"line":111,"column":9},"end":{"line":111,"column":20}},"loc":{"start":{"line":111,"column":37},"end":{"line":123,"column":1}},"line":111},"5":{"name":"encryptPassword","decl":{"start":{"line":125,"column":9},"end":{"line":125,"column":24}},"loc":{"start":{"line":125,"column":35},"end":{"line":127,"column":1}},"line":125},"6":{"name":"comparePasswords","decl":{"start":{"line":129,"column":9},"end":{"line":129,"column":25}},"loc":{"start":{"line":129,"column":54},"end":{"line":131,"column":1}},"line":129}},"branchMap":{"0":{"loc":{"start":{"line":14,"column":16},"end":{"line":19,"column":17}},"type":"if","locations":[{"start":{"line":14,"column":16},"end":{"line":19,"column":17}},{"start":{"line":14,"column":16},"end":{"line":19,"column":17}}],"line":14},"1":{"loc":{"start":{"line":22,"column":8},"end":{"line":26,"column":9}},"type":"if","locations":[{"start":{"line":22,"column":8},"end":{"line":26,"column":9}},{"start":{"line":22,"column":8},"end":{"line":26,"column":9}}],"line":22},"2":{"loc":{"start":{"line":36,"column":4},"end":{"line":85,"column":5}},"type":"if","locations":[{"start":{"line":36,"column":4},"end":{"line":85,"column":5}},{"start":{"line":36,"column":4},"end":{"line":85,"column":5}}],"line":36},"3":{"loc":{"start":{"line":45,"column":16},"end":{"line":62,"column":17}},"type":"if","locations":[{"start":{"line":45,"column":16},"end":{"line":62,"column":17}},{"start":{"line":45,"column":16},"end":{"line":62,"column":17}}],"line":45},"4":{"loc":{"start":{"line":45,"column":20},"end":{"line":45,"column":79}},"type":"binary-expr","locations":[{"start":{"line":45,"column":20},"end":{"line":45,"column":47}},{"start":{"line":45,"column":51},"end":{"line":45,"column":79}}],"line":45},"5":{"loc":{"start":{"line":46,"column":20},"end":{"line":48,"column":21}},"type":"if","locations":[{"start":{"line":46,"column":20},"end":{"line":48,"column":21}},{"start":{"line":46,"column":20},"end":{"line":48,"column":21}}],"line":46},"6":{"loc":{"start":{"line":50,"column":21},"end":{"line":62,"column":17}},"type":"if","locations":[{"start":{"line":50,"column":21},"end":{"line":62,"column":17}},{"start":{"line":50,"column":21},"end":{"line":62,"column":17}}],"line":50},"7":{"loc":{"start":{"line":50,"column":25},"end":{"line":50,"column":84}},"type":"binary-expr","locations":[{"start":{"line":50,"column":25},"end":{"line":50,"column":52}},{"start":{"line":50,"column":56},"end":{"line":50,"column":84}}],"line":50},"8":{"loc":{"start":{"line":51,"column":20},"end":{"line":53,"column":21}},"type":"if","locations":[{"start":{"line":51,"column":20},"end":{"line":53,"column":21}},{"start":{"line":51,"column":20},"end":{"line":53,"column":21}}],"line":51},"9":{"loc":{"start":{"line":55,"column":21},"end":{"line":62,"column":17}},"type":"if","locations":[{"start":{"line":55,"column":21},"end":{"line":62,"column":17}},{"start":{"line":55,"column":21},"end":{"line":62,"column":17}}],"line":55},"10":{"loc":{"start":{"line":55,"column":25},"end":{"line":55,"column":84}},"type":"binary-expr","locations":[{"start":{"line":55,"column":25},"end":{"line":55,"column":52}},{"start":{"line":55,"column":56},"end":{"line":55,"column":84}}],"line":55},"11":{"loc":{"start":{"line":56,"column":20},"end":{"line":58,"column":21}},"type":"if","locations":[{"start":{"line":56,"column":20},"end":{"line":58,"column":21}},{"start":{"line":56,"column":20},"end":{"line":58,"column":21}}],"line":56},"12":{"loc":{"start":{"line":60,"column":21},"end":{"line":62,"column":17}},"type":"if","locations":[{"start":{"line":60,"column":21},"end":{"line":62,"column":17}},{"start":{"line":60,"column":21},"end":{"line":62,"column":17}}],"line":60},"13":{"loc":{"start":{"line":65,"column":8},"end":{"line":70,"column":9}},"type":"if","locations":[{"start":{"line":65,"column":8},"end":{"line":70,"column":9}},{"start":{"line":65,"column":8},"end":{"line":70,"column":9}}],"line":65},"14":{"loc":{"start":{"line":76,"column":12},"end":{"line":81,"column":13}},"type":"if","locations":[{"start":{"line":76,"column":12},"end":{"line":81,"column":13}},{"start":{"line":76,"column":12},"end":{"line":81,"column":13}}],"line":76},"15":{"loc":{"start":{"line":76,"column":16},"end":{"line":76,"column":69}},"type":"binary-expr","locations":[{"start":{"line":76,"column":16},"end":{"line":76,"column":44}},{"start":{"line":76,"column":48},"end":{"line":76,"column":69}}],"line":76},"16":{"loc":{"start":{"line":79,"column":17},"end":{"line":81,"column":13}},"type":"if","locations":[{"start":{"line":79,"column":17},"end":{"line":81,"column":13}},{"start":{"line":79,"column":17},"end":{"line":81,"column":13}}],"line":79},"17":{"loc":{"start":{"line":91,"column":8},"end":{"line":93,"column":9}},"type":"if","locations":[{"start":{"line":91,"column":8},"end":{"line":93,"column":9}},{"start":{"line":91,"column":8},"end":{"line":93,"column":9}}],"line":91},"18":{"loc":{"start":{"line":101,"column":4},"end":{"line":108,"column":5}},"type":"if","locations":[{"start":{"line":101,"column":4},"end":{"line":108,"column":5}},{"start":{"line":101,"column":4},"end":{"line":108,"column":5}}],"line":101},"19":{"loc":{"start":{"line":114,"column":4},"end":{"line":122,"column":5}},"type":"if","locations":[{"start":{"line":114,"column":4},"end":{"line":122,"column":5}},{"start":{"line":114,"column":4},"end":{"line":122,"column":5}}],"line":114}},"s":{"0":2,"1":4,"2":4,"3":4,"4":5,"5":31,"6":5,"7":26,"8":5,"9":1,"10":4,"11":4,"12":2,"13":2,"14":8,"15":32,"16":0,"17":0,"18":32,"19":0,"20":0,"21":32,"22":32,"23":4,"24":0,"25":0,"26":2,"27":1,"28":1,"29":2,"30":5,"31":0,"32":5,"33":1,"34":1,"35":0,"36":0,"37":0,"38":0,"39":2,"40":1,"41":1,"42":0,"43":0,"44":0,"45":0,"46":0,"47":0,"48":0,"49":0,"50":0,"51":2},"f":{"0":4,"1":4,"2":0,"3":2,"4":0,"5":0,"6":0},"b":{"0":[5,26],"1":[1,4],"2":[2,2],"3":[0,32],"4":[32,0],"5":[0,0],"6":[0,32],"7":[32,32],"8":[0,0],"9":[32,0],"10":[32,32],"11":[4,28],"12":[0,0],"13":[1,1],"14":[0,5],"15":[5,0],"16":[1,4],"17":[0,0],"18":[1,1],"19":[0,0]},"_coverageSchema":"332fd63041d2c1bcb487cc26dd0d5f7d97098a6c","hash":"f004402f70b557c30c4a6ff03cb9a590bb8d45d8"}
,"/home/ubuntu/workspace/backend/model/schemas/dish.schema.js": {"path":"/home/ubuntu/workspace/backend/model/schemas/dish.schema.js","statementMap":{"0":{"start":{"line":2,"column":17},"end":{"line":2,"column":36}},"1":{"start":{"line":5,"column":15},"end":{"line":5,"column":30}},"2":{"start":{"line":8,"column":17},"end":{"line":12,"column":2}},"3":{"start":{"line":15,"column":13},"end":{"line":15,"column":49}},"4":{"start":{"line":18,"column":0},"end":{"line":20,"column":2}}},"fnMap":{},"branchMap":{},"s":{"0":1,"1":1,"2":1,"3":1,"4":1},"f":{},"b":{},"_coverageSchema":"332fd63041d2c1bcb487cc26dd0d5f7d97098a6c","hash":"33eebd7c64a9fab5bc5bbda509e2bcab02df3c54"}
,"/home/ubuntu/workspace/backend/model/schemas/ingredient.schema.js": {"path":"/home/ubuntu/workspace/backend/model/schemas/ingredient.schema.js","statementMap":{"0":{"start":{"line":2,"column":17},"end":{"line":2,"column":36}},"1":{"start":{"line":5,"column":15},"end":{"line":5,"column":30}},"2":{"start":{"line":8,"column":23},"end":{"line":10,"column":2}},"3":{"start":{"line":13,"column":19},"end":{"line":13,"column":66}},"4":{"start":{"line":16,"column":0},"end":{"line":18,"column":2}}},"fnMap":{},"branchMap":{},"s":{"0":1,"1":1,"2":1,"3":1,"4":1},"f":{},"b":{},"_coverageSchema":"332fd63041d2c1bcb487cc26dd0d5f7d97098a6c","hash":"1bade8688e89d5c72e8980facbecf8cc799c1560"}
,"/home/ubuntu/workspace/backend/model/schemas/menu.schema.js": {"path":"/home/ubuntu/workspace/backend/model/schemas/menu.schema.js","statementMap":{"0":{"start":{"line":2,"column":17},"end":{"line":2,"column":36}},"1":{"start":{"line":5,"column":15},"end":{"line":5,"column":30}},"2":{"start":{"line":8,"column":17},"end":{"line":11,"column":2}},"3":{"start":{"line":14,"column":13},"end":{"line":14,"column":48}},"4":{"start":{"line":17,"column":0},"end":{"line":19,"column":2}}},"fnMap":{},"branchMap":{},"s":{"0":1,"1":1,"2":1,"3":1,"4":1},"f":{},"b":{},"_coverageSchema":"332fd63041d2c1bcb487cc26dd0d5f7d97098a6c","hash":"4cda00cbda459febc820a1738a9ee35f532305f9"}
,"/home/ubuntu/workspace/backend/tests/requests.js": {"path":"/home/ubuntu/workspace/backend/tests/requests.js","statementMap":{"0":{"start":{"line":2,"column":14},"end":{"line":2,"column":30}},"1":{"start":{"line":5,"column":14},"end":{"line":5,"column":191}},"2":{"start":{"line":7,"column":0},"end":{"line":7,"column":17}},"3":{"start":{"line":12,"column":4},"end":{"line":24,"column":11}},"4":{"start":{"line":18,"column":12},"end":{"line":18,"column":41}},"5":{"start":{"line":19,"column":12},"end":{"line":19,"column":28}},"6":{"start":{"line":23,"column":12},"end":{"line":23,"column":31}},"7":{"start":{"line":28,"column":0},"end":{"line":30,"column":1}}},"fnMap":{"0":{"name":"getIngredients","decl":{"start":{"line":10,"column":9},"end":{"line":10,"column":23}},"loc":{"start":{"line":10,"column":26},"end":{"line":25,"column":1}},"line":10},"1":{"name":"(anonymous_1)","decl":{"start":{"line":17,"column":14},"end":{"line":17,"column":15}},"loc":{"start":{"line":17,"column":33},"end":{"line":20,"column":9}},"line":17},"2":{"name":"(anonymous_2)","decl":{"start":{"line":21,"column":15},"end":{"line":21,"column":16}},"loc":{"start":{"line":21,"column":31},"end":{"line":24,"column":9}},"line":21}},"branchMap":{},"s":{"0":1,"1":1,"2":1,"3":3,"4":0,"5":0,"6":0,"7":1},"f":{"0":3,"1":0,"2":0},"b":{},"_coverageSchema":"332fd63041d2c1bcb487cc26dd0d5f7d97098a6c","hash":"151c315a14380e2d6bbcf7ad9f1f7d2c3d1143c2"}
}
