TN:
SF:/home/ubuntu/workspace/backend/controller/dish.controller.js
FN:8,getDish
FN:11,(anonymous_1)
FN:29,getDishById
FN:35,(anonymous_3)
FN:52,getDishByName
FN:57,(anonymous_5)
FN:79,getDishByType
FN:86,(anonymous_7)
FN:102,postDish
FN:110,(anonymous_9)
FN:188,(anonymous_10)
FN:213,(anonymous_11)
FN:233,updateDish
FN:243,(anonymous_13)
FN:335,(anonymous_14)
FN:350,deleteDish
FN:354,(anonymous_16)
FNF:17
FNH:0
FNDA:0,getDish
FNDA:0,(anonymous_1)
FNDA:0,getDishById
FNDA:0,(anonymous_3)
FNDA:0,getDishByName
FNDA:0,(anonymous_5)
FNDA:0,getDishByType
FNDA:0,(anonymous_7)
FNDA:0,postDish
FNDA:0,(anonymous_9)
FNDA:0,(anonymous_10)
FNDA:0,(anonymous_11)
FNDA:0,updateDish
FNDA:0,(anonymous_13)
FNDA:0,(anonymous_14)
FNDA:0,deleteDish
FNDA:0,(anonymous_16)
DA:2,1
DA:3,1
DA:4,1
DA:11,0
DA:13,0
DA:14,0
DA:18,0
DA:19,0
DA:23,0
DA:32,0
DA:35,0
DA:37,0
DA:38,0
DA:42,0
DA:43,0
DA:46,0
DA:54,0
DA:57,0
DA:59,0
DA:60,0
DA:64,0
DA:67,0
DA:68,0
DA:69,0
DA:70,0
DA:74,0
DA:82,0
DA:84,0
DA:86,0
DA:87,0
DA:88,0
DA:91,0
DA:92,0
DA:95,0
DA:105,0
DA:106,0
DA:107,0
DA:108,0
DA:110,0
DA:111,0
DA:112,0
DA:116,0
DA:117,0
DA:121,0
DA:122,0
DA:126,0
DA:131,0
DA:132,0
DA:135,0
DA:137,0
DA:139,0
DA:141,0
DA:142,0
DA:143,0
DA:148,0
DA:149,0
DA:152,0
DA:153,0
DA:157,0
DA:158,0
DA:160,0
DA:161,0
DA:165,0
DA:166,0
DA:169,0
DA:172,0
DA:173,0
DA:178,0
DA:182,0
DA:188,0
DA:189,0
DA:190,0
DA:194,0
DA:195,0
DA:198,0
DA:199,0
DA:200,0
DA:205,0
DA:206,0
DA:208,0
DA:209,0
DA:213,0
DA:214,0
DA:215,0
DA:218,0
DA:235,0
DA:238,0
DA:239,0
DA:240,0
DA:243,0
DA:245,0
DA:246,0
DA:250,0
DA:251,0
DA:254,0
DA:255,0
DA:259,0
DA:262,0
DA:265,0
DA:268,0
DA:269,0
DA:274,0
DA:275,0
DA:280,0
DA:283,0
DA:286,0
DA:287,0
DA:291,0
DA:292,0
DA:297,0
DA:300,0
DA:301,0
DA:305,0
DA:307,0
DA:308,0
DA:312,0
DA:313,0
DA:318,0
DA:319,0
DA:321,0
DA:322,0
DA:325,0
DA:326,0
DA:329,0
DA:330,0
DA:335,0
DA:336,0
DA:337,0
DA:340,0
DA:352,0
DA:354,0
DA:355,0
DA:356,0
DA:359,0
DA:360,0
DA:363,0
DA:364,0
DA:371,1
LF:138
LH:4
BRDA:13,0,0,0
BRDA:13,0,1,0
BRDA:18,1,0,0
BRDA:18,1,1,0
BRDA:37,2,0,0
BRDA:37,2,1,0
BRDA:42,3,0,0
BRDA:42,3,1,0
BRDA:42,4,0,0
BRDA:42,4,1,0
BRDA:59,5,0,0
BRDA:59,5,1,0
BRDA:69,6,0,0
BRDA:69,6,1,0
BRDA:87,7,0,0
BRDA:87,7,1,0
BRDA:91,8,0,0
BRDA:91,8,1,0
BRDA:91,9,0,0
BRDA:91,9,1,0
BRDA:91,9,2,0
BRDA:111,10,0,0
BRDA:111,10,1,0
BRDA:116,11,0,0
BRDA:116,11,1,0
BRDA:116,12,0,0
BRDA:116,12,1,0
BRDA:131,13,0,0
BRDA:131,13,1,0
BRDA:141,14,0,0
BRDA:141,14,1,0
BRDA:141,15,0,0
BRDA:141,15,1,0
BRDA:148,16,0,0
BRDA:148,16,1,0
BRDA:152,17,0,0
BRDA:152,17,1,0
BRDA:157,18,0,0
BRDA:157,18,1,0
BRDA:157,19,0,0
BRDA:157,19,1,0
BRDA:160,20,0,0
BRDA:160,20,1,0
BRDA:160,21,0,0
BRDA:160,21,1,0
BRDA:189,22,0,0
BRDA:189,22,1,0
BRDA:199,23,0,0
BRDA:199,23,1,0
BRDA:205,24,0,0
BRDA:205,24,1,0
BRDA:208,25,0,0
BRDA:208,25,1,0
BRDA:214,26,0,0
BRDA:214,26,1,0
BRDA:245,27,0,0
BRDA:245,27,1,0
BRDA:250,28,0,0
BRDA:250,28,1,0
BRDA:250,29,0,0
BRDA:250,29,1,0
BRDA:254,30,0,0
BRDA:254,30,1,0
BRDA:254,31,0,0
BRDA:254,31,1,0
BRDA:254,31,2,0
BRDA:254,31,3,0
BRDA:254,31,4,0
BRDA:262,32,0,0
BRDA:262,32,1,0
BRDA:262,33,0,0
BRDA:262,33,1,0
BRDA:268,34,0,0
BRDA:268,34,1,0
BRDA:280,35,0,0
BRDA:280,35,1,0
BRDA:280,36,0,0
BRDA:280,36,1,0
BRDA:286,37,0,0
BRDA:286,37,1,0
BRDA:297,38,0,0
BRDA:297,38,1,0
BRDA:307,39,0,0
BRDA:307,39,1,0
BRDA:318,40,0,0
BRDA:318,40,1,0
BRDA:319,41,0,0
BRDA:319,41,1,0
BRDA:319,41,2,0
BRDA:336,42,0,0
BRDA:336,42,1,0
BRDA:355,43,0,0
BRDA:355,43,1,0
BRDA:359,44,0,0
BRDA:359,44,1,0
BRF:95
BRH:0
end_of_record
TN:
SF:/home/ubuntu/workspace/backend/controller/ingredient.controller.js
FN:6,getIngredient
FN:8,(anonymous_1)
FN:25,getIngredientById
FN:30,(anonymous_3)
FN:47,getIngredientByName
FN:52,(anonymous_5)
FN:75,postIngredient
FN:78,(anonymous_7)
FN:108,(anonymous_8)
FN:125,updateIngredient
FN:133,(anonymous_10)
FN:145,(anonymous_11)
FN:168,(anonymous_12)
FN:185,deleteIngredient
FN:190,(anonymous_14)
FNF:15
FNH:0
FNDA:0,getIngredient
FNDA:0,(anonymous_1)
FNDA:0,getIngredientById
FNDA:0,(anonymous_3)
FNDA:0,getIngredientByName
FNDA:0,(anonymous_5)
FNDA:0,postIngredient
FNDA:0,(anonymous_7)
FNDA:0,(anonymous_8)
FNDA:0,updateIngredient
FNDA:0,(anonymous_10)
FNDA:0,(anonymous_11)
FNDA:0,(anonymous_12)
FNDA:0,deleteIngredient
FNDA:0,(anonymous_14)
DA:2,1
DA:3,1
DA:8,0
DA:10,0
DA:11,0
DA:14,0
DA:15,0
DA:18,0
DA:19,0
DA:27,0
DA:30,0
DA:32,0
DA:33,0
DA:37,0
DA:38,0
DA:41,0
DA:49,0
DA:52,0
DA:54,0
DA:55,0
DA:59,0
DA:62,0
DA:63,0
DA:64,0
DA:65,0
DA:69,0
DA:76,0
DA:78,0
DA:80,0
DA:81,0
DA:86,0
DA:87,0
DA:92,0
DA:94,0
DA:97,0
DA:98,0
DA:99,0
DA:103,0
DA:108,0
DA:110,0
DA:111,0
DA:115,0
DA:127,0
DA:130,0
DA:133,0
DA:135,0
DA:136,0
DA:140,0
DA:141,0
DA:145,0
DA:146,0
DA:147,0
DA:151,0
DA:153,0
DA:156,0
DA:157,0
DA:160,0
DA:161,0
DA:165,0
DA:168,0
DA:169,0
DA:170,0
DA:173,0
DA:187,0
DA:190,0
DA:192,0
DA:193,0
DA:197,0
DA:198,0
DA:202,0
DA:203,0
DA:210,1
LF:72
LH:3
BRDA:10,0,0,0
BRDA:10,0,1,0
BRDA:14,1,0,0
BRDA:14,1,1,0
BRDA:32,2,0,0
BRDA:32,2,1,0
BRDA:37,3,0,0
BRDA:37,3,1,0
BRDA:37,4,0,0
BRDA:37,4,1,0
BRDA:54,5,0,0
BRDA:54,5,1,0
BRDA:64,6,0,0
BRDA:64,6,1,0
BRDA:80,7,0,0
BRDA:80,7,1,0
BRDA:86,8,0,0
BRDA:86,8,1,0
BRDA:86,9,0,0
BRDA:86,9,1,0
BRDA:97,10,0,0
BRDA:97,10,1,0
BRDA:110,11,0,0
BRDA:110,11,1,0
BRDA:135,12,0,0
BRDA:135,12,1,0
BRDA:140,13,0,0
BRDA:140,13,1,0
BRDA:140,14,0,0
BRDA:140,14,1,0
BRDA:146,15,0,0
BRDA:146,15,1,0
BRDA:156,16,0,0
BRDA:156,16,1,0
BRDA:160,17,0,0
BRDA:160,17,1,0
BRDA:169,18,0,0
BRDA:169,18,1,0
BRDA:192,19,0,0
BRDA:192,19,1,0
BRDA:197,20,0,0
BRDA:197,20,1,0
BRDA:197,21,0,0
BRDA:197,21,1,0
BRF:44
BRH:0
end_of_record
TN:
SF:/home/ubuntu/workspace/backend/controller/menu.controller.js
FN:6,getMenu
FN:8,(anonymous_1)
FN:26,getMenuById
FN:32,(anonymous_3)
FN:51,postMenu
FN:68,(anonymous_5)
FN:75,(anonymous_6)
FN:112,(anonymous_7)
FN:124,(anonymous_8)
FN:141,updateMenu
FN:149,(anonymous_10)
FN:166,(anonymous_11)
FN:237,(anonymous_12)
FN:242,(anonymous_13)
FN:264,deleteMenu
FN:270,(anonymous_15)
FN:289,checkRepeatedDishes
FNF:17
FNH:0
FNDA:0,getMenu
FNDA:0,(anonymous_1)
FNDA:0,getMenuById
FNDA:0,(anonymous_3)
FNDA:0,postMenu
FNDA:0,(anonymous_5)
FNDA:0,(anonymous_6)
FNDA:0,(anonymous_7)
FNDA:0,(anonymous_8)
FNDA:0,updateMenu
FNDA:0,(anonymous_10)
FNDA:0,(anonymous_11)
FNDA:0,(anonymous_12)
FNDA:0,(anonymous_13)
FNDA:0,deleteMenu
FNDA:0,(anonymous_15)
FNDA:0,checkRepeatedDishes
DA:2,1
DA:3,1
DA:8,0
DA:10,0
DA:11,0
DA:15,0
DA:16,0
DA:20,0
DA:29,0
DA:32,0
DA:34,0
DA:35,0
DA:39,0
DA:40,0
DA:44,0
DA:54,0
DA:56,0
DA:57,0
DA:60,0
DA:61,0
DA:63,0
DA:64,0
DA:68,0
DA:70,0
DA:71,0
DA:75,0
DA:76,0
DA:77,0
DA:82,0
DA:83,0
DA:84,0
DA:85,0
DA:91,0
DA:97,0
DA:100,0
DA:103,0
DA:104,0
DA:107,0
DA:108,0
DA:112,0
DA:113,0
DA:114,0
DA:117,0
DA:124,0
DA:125,0
DA:126,0
DA:129,0
DA:144,0
DA:145,0
DA:146,0
DA:149,0
DA:151,0
DA:152,0
DA:156,0
DA:157,0
DA:161,0
DA:162,0
DA:166,0
DA:168,0
DA:169,0
DA:173,0
DA:175,0
DA:178,0
DA:180,0
DA:181,0
DA:183,0
DA:184,0
DA:187,0
DA:188,0
DA:193,0
DA:196,0
DA:197,0
DA:198,0
DA:199,0
DA:204,0
DA:205,0
DA:209,0
DA:215,0
DA:216,0
DA:219,0
DA:223,0
DA:224,0
DA:226,0
DA:227,0
DA:229,0
DA:230,0
DA:232,0
DA:237,0
DA:238,0
DA:239,0
DA:242,0
DA:243,0
DA:244,0
DA:247,0
DA:267,0
DA:270,0
DA:272,0
DA:273,0
DA:278,0
DA:279,0
DA:282,0
DA:283,0
DA:291,0
DA:300,0
DA:302,0
DA:303,0
DA:304,0
DA:305,0
DA:308,0
DA:309,0
DA:310,0
DA:316,0
DA:317,0
DA:318,0
DA:319,0
DA:322,0
DA:323,0
DA:327,0
DA:328,0
DA:329,0
DA:335,0
DA:339,1
LF:122
LH:3
BRDA:10,0,0,0
BRDA:10,0,1,0
BRDA:15,1,0,0
BRDA:15,1,1,0
BRDA:34,2,0,0
BRDA:34,2,1,0
BRDA:39,3,0,0
BRDA:39,3,1,0
BRDA:39,4,0,0
BRDA:39,4,1,0
BRDA:60,5,0,0
BRDA:60,5,1,0
BRDA:60,6,0,0
BRDA:60,6,1,0
BRDA:63,7,0,0
BRDA:63,7,1,0
BRDA:63,8,0,0
BRDA:63,8,1,0
BRDA:63,8,2,0
BRDA:70,9,0,0
BRDA:70,9,1,0
BRDA:76,10,0,0
BRDA:76,10,1,0
BRDA:84,11,0,0
BRDA:84,11,1,0
BRDA:100,12,0,0
BRDA:100,12,1,0
BRDA:107,13,0,0
BRDA:107,13,1,0
BRDA:113,14,0,0
BRDA:113,14,1,0
BRDA:125,15,0,0
BRDA:125,15,1,0
BRDA:151,16,0,0
BRDA:151,16,1,0
BRDA:156,17,0,0
BRDA:156,17,1,0
BRDA:156,18,0,0
BRDA:156,18,1,0
BRDA:161,19,0,0
BRDA:161,19,1,0
BRDA:161,20,0,0
BRDA:161,20,1,0
BRDA:161,20,2,0
BRDA:161,20,3,0
BRDA:168,21,0,0
BRDA:168,21,1,0
BRDA:178,22,0,0
BRDA:178,22,1,0
BRDA:178,23,0,0
BRDA:178,23,1,0
BRDA:183,24,0,0
BRDA:183,24,1,0
BRDA:193,25,0,0
BRDA:193,25,1,0
BRDA:198,26,0,0
BRDA:198,26,1,0
BRDA:204,27,0,0
BRDA:204,27,1,0
BRDA:215,28,0,0
BRDA:215,28,1,0
BRDA:223,29,0,0
BRDA:223,29,1,0
BRDA:224,30,0,0
BRDA:224,30,1,0
BRDA:224,30,2,0
BRDA:238,31,0,0
BRDA:238,31,1,0
BRDA:243,32,0,0
BRDA:243,32,1,0
BRDA:272,33,0,0
BRDA:272,33,1,0
BRDA:278,34,0,0
BRDA:278,34,1,0
BRDA:278,35,0,0
BRDA:278,35,1,0
BRDA:300,36,0,0
BRDA:300,36,1,0
BRDA:304,37,0,0
BRDA:304,37,1,0
BRDA:308,38,0,0
BRDA:308,38,1,0
BRDA:308,39,0,0
BRDA:308,39,1,0
BRDA:322,40,0,0
BRDA:322,40,1,0
BRDA:327,41,0,0
BRDA:327,41,1,0
BRDA:327,42,0,0
BRDA:327,42,1,0
BRF:90
BRH:0
end_of_record
TN:
SF:/home/ubuntu/workspace/backend/controller/verifications.controller.js
FN:7,formatString
FN:34,verifyIfExists
FN:88,verifyIfUserExists
FN:100,verifyLength
FN:111,verifyToken
FN:125,encryptPassword
FN:129,comparePasswords
FNF:7
FNH:3
FNDA:4,formatString
FNDA:4,verifyIfExists
FNDA:0,verifyIfUserExists
FNDA:2,verifyLength
FNDA:0,verifyToken
FNDA:0,encryptPassword
FNDA:0,comparePasswords
DA:4,2
DA:8,4
DA:9,4
DA:11,4
DA:12,5
DA:14,31
DA:15,5
DA:18,26
DA:22,5
DA:24,1
DA:30,4
DA:36,4
DA:40,2
DA:43,2
DA:44,8
DA:45,32
DA:46,0
DA:47,0
DA:50,32
DA:51,0
DA:52,0
DA:55,32
DA:56,32
DA:57,4
DA:60,0
DA:61,0
DA:65,2
DA:66,1
DA:69,1
DA:75,2
DA:76,5
DA:77,0
DA:79,5
DA:80,1
DA:84,1
DA:90,0
DA:91,0
DA:92,0
DA:96,0
DA:101,2
DA:103,1
DA:107,1
DA:112,0
DA:114,0
DA:115,0
DA:116,0
DA:117,0
DA:118,0
DA:121,0
DA:126,0
DA:130,0
DA:133,2
LF:52
LH:32
BRDA:14,0,0,5
BRDA:14,0,1,26
BRDA:22,1,0,1
BRDA:22,1,1,4
BRDA:36,2,0,2
BRDA:36,2,1,2
BRDA:45,3,0,0
BRDA:45,3,1,32
BRDA:45,4,0,32
BRDA:45,4,1,0
BRDA:46,5,0,0
BRDA:46,5,1,0
BRDA:50,6,0,0
BRDA:50,6,1,32
BRDA:50,7,0,32
BRDA:50,7,1,32
BRDA:51,8,0,0
BRDA:51,8,1,0
BRDA:55,9,0,32
BRDA:55,9,1,0
BRDA:55,10,0,32
BRDA:55,10,1,32
BRDA:56,11,0,4
BRDA:56,11,1,28
BRDA:60,12,0,0
BRDA:60,12,1,0
BRDA:65,13,0,1
BRDA:65,13,1,1
BRDA:76,14,0,0
BRDA:76,14,1,5
BRDA:76,15,0,5
BRDA:76,15,1,0
BRDA:79,16,0,1
BRDA:79,16,1,4
BRDA:91,17,0,0
BRDA:91,17,1,0
BRDA:101,18,0,1
BRDA:101,18,1,1
BRDA:114,19,0,0
BRDA:114,19,1,0
BRF:40
BRH:24
end_of_record
TN:
SF:/home/ubuntu/workspace/backend/model/schemas/dish.schema.js
FNF:0
FNH:0
DA:2,1
DA:5,1
DA:8,1
DA:15,1
DA:18,1
LF:5
LH:5
BRF:0
BRH:0
end_of_record
TN:
SF:/home/ubuntu/workspace/backend/model/schemas/ingredient.schema.js
FNF:0
FNH:0
DA:2,1
DA:5,1
DA:8,1
DA:13,1
DA:16,1
LF:5
LH:5
BRF:0
BRH:0
end_of_record
TN:
SF:/home/ubuntu/workspace/backend/model/schemas/menu.schema.js
FNF:0
FNH:0
DA:2,1
DA:5,1
DA:8,1
DA:14,1
DA:17,1
LF:5
LH:5
BRF:0
BRH:0
end_of_record
TN:
SF:/home/ubuntu/workspace/backend/tests/requests.js
FN:10,getIngredients
FN:17,(anonymous_1)
FN:21,(anonymous_2)
FNF:3
FNH:1
FNDA:3,getIngredients
FNDA:0,(anonymous_1)
FNDA:0,(anonymous_2)
DA:2,1
DA:5,1
DA:7,1
DA:12,3
DA:18,0
DA:19,0
DA:23,0
DA:28,1
LF:8
LH:5
BRF:0
BRH:0
end_of_record
