{"/home/ubuntu/workspace/tests/requests.js": {"path":"/home/ubuntu/workspace/tests/requests.js","statementMap":{"0":{"start":{"line":2,"column":14},"end":{"line":2,"column":30}},"1":{"start":{"line":7,"column":4},"end":{"line":13,"column":11}},"2":{"start":{"line":12,"column":12},"end":{"line":12,"column":28}},"3":{"start":{"line":18,"column":4},"end":{"line":24,"column":11}},"4":{"start":{"line":23,"column":12},"end":{"line":23,"column":28}},"5":{"start":{"line":29,"column":4},"end":{"line":35,"column":11}},"6":{"start":{"line":34,"column":12},"end":{"line":34,"column":28}},"7":{"start":{"line":40,"column":4},"end":{"line":46,"column":11}},"8":{"start":{"line":45,"column":12},"end":{"line":45,"column":28}},"9":{"start":{"line":52,"column":4},"end":{"line":58,"column":11}},"10":{"start":{"line":57,"column":12},"end":{"line":57,"column":28}},"11":{"start":{"line":63,"column":4},"end":{"line":69,"column":11}},"12":{"start":{"line":68,"column":12},"end":{"line":68,"column":28}},"13":{"start":{"line":74,"column":4},"end":{"line":80,"column":11}},"14":{"start":{"line":79,"column":12},"end":{"line":79,"column":28}},"15":{"start":{"line":85,"column":4},"end":{"line":91,"column":11}},"16":{"start":{"line":90,"column":12},"end":{"line":90,"column":28}},"17":{"start":{"line":97,"column":4},"end":{"line":103,"column":11}},"18":{"start":{"line":102,"column":12},"end":{"line":102,"column":28}},"19":{"start":{"line":108,"column":4},"end":{"line":114,"column":11}},"20":{"start":{"line":113,"column":12},"end":{"line":113,"column":28}},"21":{"start":{"line":119,"column":4},"end":{"line":125,"column":11}},"22":{"start":{"line":124,"column":12},"end":{"line":124,"column":28}},"23":{"start":{"line":130,"column":4},"end":{"line":136,"column":11}},"24":{"start":{"line":135,"column":12},"end":{"line":135,"column":28}},"25":{"start":{"line":142,"column":4},"end":{"line":148,"column":11}},"26":{"start":{"line":147,"column":12},"end":{"line":147,"column":28}},"27":{"start":{"line":153,"column":4},"end":{"line":159,"column":11}},"28":{"start":{"line":158,"column":12},"end":{"line":158,"column":28}},"29":{"start":{"line":164,"column":4},"end":{"line":170,"column":11}},"30":{"start":{"line":169,"column":12},"end":{"line":169,"column":28}},"31":{"start":{"line":175,"column":4},"end":{"line":181,"column":11}},"32":{"start":{"line":180,"column":12},"end":{"line":180,"column":28}},"33":{"start":{"line":187,"column":4},"end":{"line":193,"column":11}},"34":{"start":{"line":192,"column":12},"end":{"line":192,"column":28}},"35":{"start":{"line":198,"column":4},"end":{"line":204,"column":11}},"36":{"start":{"line":203,"column":12},"end":{"line":203,"column":28}},"37":{"start":{"line":209,"column":4},"end":{"line":215,"column":11}},"38":{"start":{"line":214,"column":12},"end":{"line":214,"column":28}},"39":{"start":{"line":220,"column":4},"end":{"line":226,"column":11}},"40":{"start":{"line":225,"column":12},"end":{"line":225,"column":28}},"41":{"start":{"line":232,"column":4},"end":{"line":238,"column":11}},"42":{"start":{"line":237,"column":12},"end":{"line":237,"column":28}},"43":{"start":{"line":243,"column":4},"end":{"line":249,"column":11}},"44":{"start":{"line":248,"column":12},"end":{"line":248,"column":28}},"45":{"start":{"line":253,"column":0},"end":{"line":276,"column":1}}},"fnMap":{"0":{"name":"getIngredients","decl":{"start":{"line":6,"column":9},"end":{"line":6,"column":23}},"loc":{"start":{"line":6,"column":33},"end":{"line":14,"column":1}},"line":6},"1":{"name":"(anonymous_1)","decl":{"start":{"line":10,"column":14},"end":{"line":10,"column":15}},"loc":{"start":{"line":10,"column":33},"end":{"line":13,"column":9}},"line":10},"2":{"name":"postIngredients","decl":{"start":{"line":17,"column":9},"end":{"line":17,"column":24}},"loc":{"start":{"line":17,"column":34},"end":{"line":25,"column":1}},"line":17},"3":{"name":"(anonymous_3)","decl":{"start":{"line":21,"column":14},"end":{"line":21,"column":15}},"loc":{"start":{"line":21,"column":33},"end":{"line":24,"column":9}},"line":21},"4":{"name":"updateIngredients","decl":{"start":{"line":28,"column":9},"end":{"line":28,"column":26}},"loc":{"start":{"line":28,"column":36},"end":{"line":36,"column":1}},"line":28},"5":{"name":"(anonymous_5)","decl":{"start":{"line":32,"column":14},"end":{"line":32,"column":15}},"loc":{"start":{"line":32,"column":33},"end":{"line":35,"column":9}},"line":32},"6":{"name":"deleteIngredients","decl":{"start":{"line":39,"column":9},"end":{"line":39,"column":26}},"loc":{"start":{"line":39,"column":36},"end":{"line":47,"column":1}},"line":39},"7":{"name":"(anonymous_7)","decl":{"start":{"line":43,"column":14},"end":{"line":43,"column":15}},"loc":{"start":{"line":43,"column":33},"end":{"line":46,"column":9}},"line":43},"8":{"name":"getDishes","decl":{"start":{"line":51,"column":9},"end":{"line":51,"column":18}},"loc":{"start":{"line":51,"column":28},"end":{"line":59,"column":1}},"line":51},"9":{"name":"(anonymous_9)","decl":{"start":{"line":55,"column":14},"end":{"line":55,"column":15}},"loc":{"start":{"line":55,"column":33},"end":{"line":58,"column":9}},"line":55},"10":{"name":"postDishes","decl":{"start":{"line":62,"column":9},"end":{"line":62,"column":19}},"loc":{"start":{"line":62,"column":29},"end":{"line":70,"column":1}},"line":62},"11":{"name":"(anonymous_11)","decl":{"start":{"line":66,"column":14},"end":{"line":66,"column":15}},"loc":{"start":{"line":66,"column":33},"end":{"line":69,"column":9}},"line":66},"12":{"name":"updateDishes","decl":{"start":{"line":73,"column":9},"end":{"line":73,"column":21}},"loc":{"start":{"line":73,"column":31},"end":{"line":81,"column":1}},"line":73},"13":{"name":"(anonymous_13)","decl":{"start":{"line":77,"column":14},"end":{"line":77,"column":15}},"loc":{"start":{"line":77,"column":33},"end":{"line":80,"column":9}},"line":77},"14":{"name":"deleteDishes","decl":{"start":{"line":84,"column":9},"end":{"line":84,"column":21}},"loc":{"start":{"line":84,"column":31},"end":{"line":92,"column":1}},"line":84},"15":{"name":"(anonymous_15)","decl":{"start":{"line":88,"column":14},"end":{"line":88,"column":15}},"loc":{"start":{"line":88,"column":33},"end":{"line":91,"column":9}},"line":88},"16":{"name":"getMenus","decl":{"start":{"line":96,"column":9},"end":{"line":96,"column":17}},"loc":{"start":{"line":96,"column":27},"end":{"line":104,"column":1}},"line":96},"17":{"name":"(anonymous_17)","decl":{"start":{"line":100,"column":14},"end":{"line":100,"column":15}},"loc":{"start":{"line":100,"column":33},"end":{"line":103,"column":9}},"line":100},"18":{"name":"postMenus","decl":{"start":{"line":107,"column":9},"end":{"line":107,"column":18}},"loc":{"start":{"line":107,"column":28},"end":{"line":115,"column":1}},"line":107},"19":{"name":"(anonymous_19)","decl":{"start":{"line":111,"column":14},"end":{"line":111,"column":15}},"loc":{"start":{"line":111,"column":33},"end":{"line":114,"column":9}},"line":111},"20":{"name":"updateMenus","decl":{"start":{"line":118,"column":9},"end":{"line":118,"column":20}},"loc":{"start":{"line":118,"column":30},"end":{"line":126,"column":1}},"line":118},"21":{"name":"(anonymous_21)","decl":{"start":{"line":122,"column":14},"end":{"line":122,"column":15}},"loc":{"start":{"line":122,"column":33},"end":{"line":125,"column":9}},"line":122},"22":{"name":"deleteMenus","decl":{"start":{"line":129,"column":9},"end":{"line":129,"column":20}},"loc":{"start":{"line":129,"column":30},"end":{"line":137,"column":1}},"line":129},"23":{"name":"(anonymous_23)","decl":{"start":{"line":133,"column":14},"end":{"line":133,"column":15}},"loc":{"start":{"line":133,"column":33},"end":{"line":136,"column":9}},"line":133},"24":{"name":"getUsers","decl":{"start":{"line":141,"column":9},"end":{"line":141,"column":17}},"loc":{"start":{"line":141,"column":27},"end":{"line":149,"column":1}},"line":141},"25":{"name":"(anonymous_25)","decl":{"start":{"line":145,"column":14},"end":{"line":145,"column":15}},"loc":{"start":{"line":145,"column":33},"end":{"line":148,"column":9}},"line":145},"26":{"name":"postUsers","decl":{"start":{"line":152,"column":9},"end":{"line":152,"column":18}},"loc":{"start":{"line":152,"column":28},"end":{"line":160,"column":1}},"line":152},"27":{"name":"(anonymous_27)","decl":{"start":{"line":156,"column":14},"end":{"line":156,"column":15}},"loc":{"start":{"line":156,"column":33},"end":{"line":159,"column":9}},"line":156},"28":{"name":"updateUsers","decl":{"start":{"line":163,"column":9},"end":{"line":163,"column":20}},"loc":{"start":{"line":163,"column":30},"end":{"line":171,"column":1}},"line":163},"29":{"name":"(anonymous_29)","decl":{"start":{"line":167,"column":14},"end":{"line":167,"column":15}},"loc":{"start":{"line":167,"column":33},"end":{"line":170,"column":9}},"line":167},"30":{"name":"deleteUsers","decl":{"start":{"line":174,"column":9},"end":{"line":174,"column":20}},"loc":{"start":{"line":174,"column":30},"end":{"line":182,"column":1}},"line":174},"31":{"name":"(anonymous_31)","decl":{"start":{"line":178,"column":14},"end":{"line":178,"column":15}},"loc":{"start":{"line":178,"column":33},"end":{"line":181,"column":9}},"line":178},"32":{"name":"getArduinos","decl":{"start":{"line":186,"column":9},"end":{"line":186,"column":20}},"loc":{"start":{"line":186,"column":30},"end":{"line":194,"column":1}},"line":186},"33":{"name":"(anonymous_33)","decl":{"start":{"line":190,"column":14},"end":{"line":190,"column":15}},"loc":{"start":{"line":190,"column":33},"end":{"line":193,"column":9}},"line":190},"34":{"name":"postArduinos","decl":{"start":{"line":197,"column":9},"end":{"line":197,"column":21}},"loc":{"start":{"line":197,"column":31},"end":{"line":205,"column":1}},"line":197},"35":{"name":"(anonymous_35)","decl":{"start":{"line":201,"column":14},"end":{"line":201,"column":15}},"loc":{"start":{"line":201,"column":33},"end":{"line":204,"column":9}},"line":201},"36":{"name":"updateArduinos","decl":{"start":{"line":208,"column":9},"end":{"line":208,"column":23}},"loc":{"start":{"line":208,"column":33},"end":{"line":216,"column":1}},"line":208},"37":{"name":"(anonymous_37)","decl":{"start":{"line":212,"column":14},"end":{"line":212,"column":15}},"loc":{"start":{"line":212,"column":33},"end":{"line":215,"column":9}},"line":212},"38":{"name":"deleteArduinos","decl":{"start":{"line":219,"column":9},"end":{"line":219,"column":23}},"loc":{"start":{"line":219,"column":33},"end":{"line":227,"column":1}},"line":219},"39":{"name":"(anonymous_39)","decl":{"start":{"line":223,"column":14},"end":{"line":223,"column":15}},"loc":{"start":{"line":223,"column":33},"end":{"line":226,"column":9}},"line":223},"40":{"name":"getRoot","decl":{"start":{"line":231,"column":9},"end":{"line":231,"column":16}},"loc":{"start":{"line":231,"column":26},"end":{"line":239,"column":1}},"line":231},"41":{"name":"(anonymous_41)","decl":{"start":{"line":235,"column":14},"end":{"line":235,"column":15}},"loc":{"start":{"line":235,"column":33},"end":{"line":238,"column":9}},"line":235},"42":{"name":"getToken","decl":{"start":{"line":242,"column":9},"end":{"line":242,"column":17}},"loc":{"start":{"line":242,"column":27},"end":{"line":250,"column":1}},"line":242},"43":{"name":"(anonymous_43)","decl":{"start":{"line":246,"column":14},"end":{"line":246,"column":15}},"loc":{"start":{"line":246,"column":33},"end":{"line":249,"column":9}},"line":246}},"branchMap":{},"s":{"0":2,"1":2,"2":2,"3":1,"4":1,"5":1,"6":1,"7":1,"8":1,"9":2,"10":2,"11":1,"12":1,"13":1,"14":1,"15":1,"16":1,"17":2,"18":2,"19":1,"20":1,"21":1,"22":1,"23":1,"24":1,"25":2,"26":2,"27":1,"28":1,"29":1,"30":1,"31":1,"32":1,"33":2,"34":2,"35":1,"36":1,"37":1,"38":1,"39":1,"40":1,"41":1,"42":1,"43":1,"44":1,"45":2},"f":{"0":2,"1":2,"2":1,"3":1,"4":1,"5":1,"6":1,"7":1,"8":2,"9":2,"10":1,"11":1,"12":1,"13":1,"14":1,"15":1,"16":2,"17":2,"18":1,"19":1,"20":1,"21":1,"22":1,"23":1,"24":2,"25":2,"26":1,"27":1,"28":1,"29":1,"30":1,"31":1,"32":2,"33":2,"34":1,"35":1,"36":1,"37":1,"38":1,"39":1,"40":1,"41":1,"42":1,"43":1},"b":{},"_coverageSchema":"332fd63041d2c1bcb487cc26dd0d5f7d97098a6c","hash":"ee212ab1bb99c3268c1d5c44f59aded8139de96f"}
}
