TN:
SF:/home/ubuntu/workspace/tests/requests.js
FN:6,getIngredients
FN:10,(anonymous_1)
FN:17,postIngredients
FN:21,(anonymous_3)
FN:28,updateIngredients
FN:32,(anonymous_5)
FN:39,deleteIngredients
FN:43,(anonymous_7)
FN:51,getDishes
FN:55,(anonymous_9)
FN:62,postDishes
FN:66,(anonymous_11)
FN:73,updateDishes
FN:77,(anonymous_13)
FN:84,deleteDishes
FN:88,(anonymous_15)
FN:96,getMenus
FN:100,(anonymous_17)
FN:107,postMenus
FN:111,(anonymous_19)
FN:118,updateMenus
FN:122,(anonymous_21)
FN:129,deleteMenus
FN:133,(anonymous_23)
FN:141,getUsers
FN:145,(anonymous_25)
FN:152,postUsers
FN:156,(anonymous_27)
FN:163,updateUsers
FN:167,(anonymous_29)
FN:174,deleteUsers
FN:178,(anonymous_31)
FN:186,getArduinos
FN:190,(anonymous_33)
FN:197,postArduinos
FN:201,(anonymous_35)
FN:208,updateArduinos
FN:212,(anonymous_37)
FN:219,deleteArduinos
FN:223,(anonymous_39)
FN:231,getRoot
FN:235,(anonymous_41)
FN:242,getToken
FN:246,(anonymous_43)
FNF:44
FNH:44
FNDA:2,getIngredients
FNDA:2,(anonymous_1)
FNDA:1,postIngredients
FNDA:1,(anonymous_3)
FNDA:1,updateIngredients
FNDA:1,(anonymous_5)
FNDA:1,deleteIngredients
FNDA:1,(anonymous_7)
FNDA:2,getDishes
FNDA:2,(anonymous_9)
FNDA:1,postDishes
FNDA:1,(anonymous_11)
FNDA:1,updateDishes
FNDA:1,(anonymous_13)
FNDA:1,deleteDishes
FNDA:1,(anonymous_15)
FNDA:2,getMenus
FNDA:2,(anonymous_17)
FNDA:1,postMenus
FNDA:1,(anonymous_19)
FNDA:1,updateMenus
FNDA:1,(anonymous_21)
FNDA:1,deleteMenus
FNDA:1,(anonymous_23)
FNDA:2,getUsers
FNDA:2,(anonymous_25)
FNDA:1,postUsers
FNDA:1,(anonymous_27)
FNDA:1,updateUsers
FNDA:1,(anonymous_29)
FNDA:1,deleteUsers
FNDA:1,(anonymous_31)
FNDA:2,getArduinos
FNDA:2,(anonymous_33)
FNDA:1,postArduinos
FNDA:1,(anonymous_35)
FNDA:1,updateArduinos
FNDA:1,(anonymous_37)
FNDA:1,deleteArduinos
FNDA:1,(anonymous_39)
FNDA:1,getRoot
FNDA:1,(anonymous_41)
FNDA:1,getToken
FNDA:1,(anonymous_43)
DA:2,2
DA:7,2
DA:12,2
DA:18,1
DA:23,1
DA:29,1
DA:34,1
DA:40,1
DA:45,1
DA:52,2
DA:57,2
DA:63,1
DA:68,1
DA:74,1
DA:79,1
DA:85,1
DA:90,1
DA:97,2
DA:102,2
DA:108,1
DA:113,1
DA:119,1
DA:124,1
DA:130,1
DA:135,1
DA:142,2
DA:147,2
DA:153,1
DA:158,1
DA:164,1
DA:169,1
DA:175,1
DA:180,1
DA:187,2
DA:192,2
DA:198,1
DA:203,1
DA:209,1
DA:214,1
DA:220,1
DA:225,1
DA:232,1
DA:237,1
DA:243,1
DA:248,1
DA:253,2
LF:46
LH:46
BRF:0
BRH:0
end_of_record
